07:24:32 INFO  : Launching XSCT server: xsct -n  -interactive /home/bharathwaj/Research/fpgaStuff/xilinx/softwareDefinedRadio/WhiteShark/zedBaremetalSoftware/temp_xsdb_launch_script.tcl
07:24:32 ERROR : Error encountered while initializing user repository paths
Reason: No Platforms Found.


07:24:32 INFO  : Platform repository initialization has completed.
07:24:32 INFO  : Registering command handlers for Vitis TCF services
07:24:35 INFO  : XSCT server has started successfully.
07:24:35 INFO  : plnx-install-location is set to ''
07:24:35 INFO  : Successfully done setting XSCT server connection channel  
07:24:35 INFO  : Successfully done setting workspace for the tool. 
07:24:35 INFO  : Successfully done query RDI_DATADIR 
07:25:26 ERROR : Error encountered while initializing user repository paths
Reason: No Platforms Found.


07:25:26 INFO  : Launching XSCT server: xsct -n  -interactive /home/bharathwaj/Research/fpgaStuff/xilinx/softwareDefinedRadio/WhiteShark/zedBaremetalSoftware/temp_xsdb_launch_script.tcl
07:25:26 INFO  : Platform repository initialization has completed.
07:25:27 INFO  : Registering command handlers for Vitis TCF services
07:25:29 INFO  : XSCT server has started successfully.
07:25:29 INFO  : plnx-install-location is set to ''
07:25:29 INFO  : Successfully done setting XSCT server connection channel  
07:25:29 INFO  : Successfully done query RDI_DATADIR 
07:25:29 INFO  : Successfully done setting workspace for the tool. 
07:25:44 INFO  : Platform 'system_top' is added to custom repositories.
07:25:44 INFO  : Platform 'hw0' is added to custom repositories.
07:25:45 INFO  : [Import] Updating active build configuration of the system project 'app_system' to 'Debug' after the import.
07:26:30 INFO  : Result from executing command 'getProjects': hw0;system_top
07:26:30 INFO  : Result from executing command 'getPlatforms': hw0|/home/bharathwaj/Research/fpgaStuff/xilinx/softwareDefinedRadio/WhiteShark/zedBaremetalSoftware/hw0/export/hw0/hw0.xpfm;system_top|/home/bharathwaj/Research/fpgaStuff/xilinx/softwareDefinedRadio/WhiteShark/zedBaremetalSoftware/system_top/export/system_top/system_top.xpfm
07:26:33 INFO  : Checking for BSP changes to sync application flags for project 'app'...
08:16:47 INFO  : Launching XSCT server: xsct -n  -interactive /home/bharathwaj/Research/fpgaStuff/xilinx/softwareDefinedRadio/WhiteShark/zedBaremetalSoftware/temp_xsdb_launch_script.tcl
08:16:49 INFO  : Platform repository initialization has completed.
08:16:50 INFO  : Registering command handlers for Vitis TCF services
08:16:51 INFO  : XSCT server has started successfully.
08:16:52 INFO  : plnx-install-location is set to ''
08:16:52 INFO  : Successfully done query RDI_DATADIR 
08:16:52 INFO  : Successfully done setting XSCT server connection channel  
08:16:52 INFO  : Successfully done setting workspace for the tool. 
08:18:01 INFO  : Connected to target on host '127.0.0.1' and port '3121'.
08:18:02 INFO  : Jtag cable 'Platform Cable USB II 00001cda070101' is selected.
08:18:02 INFO  : 'jtag frequency' command is executed.
08:18:02 INFO  : Context for 'APU' is selected.
08:18:02 INFO  : System reset is completed.
08:18:05 INFO  : 'after 3000' command is executed.
08:18:05 INFO  : 'targets -set -filter {jtag_cable_name =~ "Platform Cable USB II 00001cda070101" && level==0 && jtag_device_ctx=="jsn-DLC10-00001cda070101-23727093-0"}' command is executed.
08:18:11 INFO  : Device configured successfully with "/home/bharathwaj/Research/fpgaStuff/xilinx/softwareDefinedRadio/WhiteShark/fmcomms2_zed/fmcomms2_zed.runs/impl_1/system_top.bit"
08:18:12 INFO  : Context for 'APU' is selected.
08:18:12 INFO  : Hardware design and registers information is loaded from '/home/bharathwaj/Research/fpgaStuff/xilinx/softwareDefinedRadio/WhiteShark/zedBaremetalSoftware/system_top/export/system_top/hw/system_top.xsa'.
08:18:12 INFO  : 'configparams force-mem-access 1' command is executed.
08:18:12 INFO  : Context for 'APU' is selected.
08:18:12 INFO  : Sourcing of '/home/bharathwaj/Research/fpgaStuff/xilinx/softwareDefinedRadio/WhiteShark/zedBaremetalSoftware/app/_ide/psinit/ps7_init.tcl' is done.
08:18:12 INFO  : 'ps7_init' command is executed.
08:18:12 INFO  : 'ps7_post_config' command is executed.
08:18:12 INFO  : Context for processor 'ps7_cortexa9_0' is selected.
08:18:17 INFO  : The application '/home/bharathwaj/Research/fpgaStuff/xilinx/softwareDefinedRadio/WhiteShark/zedBaremetalSoftware/app/Debug/app.elf' is downloaded to processor 'ps7_cortexa9_0'.
08:18:17 INFO  : 'configparams force-mem-access 0' command is executed.
08:18:17 INFO  : ----------------XSDB Script----------------
connect -url tcp:127.0.0.1:3121
targets -set -nocase -filter {name =~"APU*"}
rst -system
after 3000
targets -set -filter {jtag_cable_name =~ "Platform Cable USB II 00001cda070101" && level==0 && jtag_device_ctx=="jsn-DLC10-00001cda070101-23727093-0"}
fpga -file /home/bharathwaj/Research/fpgaStuff/xilinx/softwareDefinedRadio/WhiteShark/fmcomms2_zed/fmcomms2_zed.runs/impl_1/system_top.bit
targets -set -nocase -filter {name =~"APU*"}
loadhw -hw /home/bharathwaj/Research/fpgaStuff/xilinx/softwareDefinedRadio/WhiteShark/zedBaremetalSoftware/system_top/export/system_top/hw/system_top.xsa -mem-ranges [list {0x40000000 0xbfffffff}] -regs
configparams force-mem-access 1
targets -set -nocase -filter {name =~"APU*"}
source /home/bharathwaj/Research/fpgaStuff/xilinx/softwareDefinedRadio/WhiteShark/zedBaremetalSoftware/app/_ide/psinit/ps7_init.tcl
ps7_init
ps7_post_config
targets -set -nocase -filter {name =~ "*A9*#0"}
dow /home/bharathwaj/Research/fpgaStuff/xilinx/softwareDefinedRadio/WhiteShark/zedBaremetalSoftware/app/Debug/app.elf
configparams force-mem-access 0
----------------End of Script----------------

08:18:17 INFO  : Context for processor 'ps7_cortexa9_0' is selected.
08:18:17 INFO  : 'con' command is executed.
08:18:17 INFO  : ----------------XSDB Script (After Launch)----------------
targets -set -nocase -filter {name =~ "*A9*#0"}
con
----------------End of Script----------------

08:18:17 INFO  : Launch script is exported to file '/home/bharathwaj/Research/fpgaStuff/xilinx/softwareDefinedRadio/WhiteShark/zedBaremetalSoftware/app_system/_ide/scripts/debugger_app-default.tcl'
08:18:49 INFO  : Disconnected from the channel tcfchan#1.
08:18:50 INFO  : Connected to target on host '127.0.0.1' and port '3121'.
08:18:59 INFO  : ----------------XSDB Script----------------
connect -url tcp:127.0.0.1:3121
----------------End of Script----------------

08:18:59 ERROR : Could not find FPGA device on the board for connection 'Local'.


Troubleshooting hints:
1. Check whether board is connected to system properly.
2. In case of zynq board, check whether Digilent/Xilinx cable switch settings are correct.
3. If you are using Xilinx Platform Cable USB, ensure that status LED is green.
08:19:14 INFO  : Connected to target on host '127.0.0.1' and port '3121'.
08:19:14 INFO  : Jtag cable 'Platform Cable USB II 00001cda070101' is selected.
08:19:14 INFO  : 'jtag frequency' command is executed.
08:19:14 INFO  : Context for 'APU' is selected.
08:19:14 INFO  : System reset is completed.
08:19:17 INFO  : 'after 3000' command is executed.
08:19:17 INFO  : 'targets -set -filter {jtag_cable_name =~ "Platform Cable USB II 00001cda070101" && level==0 && jtag_device_ctx=="jsn-DLC10-00001cda070101-23727093-0"}' command is executed.
08:19:23 INFO  : Device configured successfully with "/home/bharathwaj/Research/fpgaStuff/xilinx/softwareDefinedRadio/WhiteShark/fmcomms2_zed/fmcomms2_zed.runs/impl_1/system_top.bit"
08:19:23 INFO  : Context for 'APU' is selected.
08:19:25 INFO  : Hardware design and registers information is loaded from '/home/bharathwaj/Research/fpgaStuff/xilinx/softwareDefinedRadio/WhiteShark/zedBaremetalSoftware/system_top/export/system_top/hw/system_top.xsa'.
08:19:25 INFO  : 'configparams force-mem-access 1' command is executed.
08:19:25 INFO  : Context for 'APU' is selected.
08:19:25 INFO  : Sourcing of '/home/bharathwaj/Research/fpgaStuff/xilinx/softwareDefinedRadio/WhiteShark/zedBaremetalSoftware/app/_ide/psinit/ps7_init.tcl' is done.
08:19:26 INFO  : 'ps7_init' command is executed.
08:19:26 INFO  : 'ps7_post_config' command is executed.
08:19:26 INFO  : Context for processor 'ps7_cortexa9_0' is selected.
08:19:30 INFO  : The application '/home/bharathwaj/Research/fpgaStuff/xilinx/softwareDefinedRadio/WhiteShark/zedBaremetalSoftware/app/Debug/app.elf' is downloaded to processor 'ps7_cortexa9_0'.
08:19:30 INFO  : 'configparams force-mem-access 0' command is executed.
08:19:30 INFO  : ----------------XSDB Script----------------
connect -url tcp:127.0.0.1:3121
targets -set -nocase -filter {name =~"APU*"}
rst -system
after 3000
targets -set -filter {jtag_cable_name =~ "Platform Cable USB II 00001cda070101" && level==0 && jtag_device_ctx=="jsn-DLC10-00001cda070101-23727093-0"}
fpga -file /home/bharathwaj/Research/fpgaStuff/xilinx/softwareDefinedRadio/WhiteShark/fmcomms2_zed/fmcomms2_zed.runs/impl_1/system_top.bit
targets -set -nocase -filter {name =~"APU*"}
loadhw -hw /home/bharathwaj/Research/fpgaStuff/xilinx/softwareDefinedRadio/WhiteShark/zedBaremetalSoftware/system_top/export/system_top/hw/system_top.xsa -mem-ranges [list {0x40000000 0xbfffffff}] -regs
configparams force-mem-access 1
targets -set -nocase -filter {name =~"APU*"}
source /home/bharathwaj/Research/fpgaStuff/xilinx/softwareDefinedRadio/WhiteShark/zedBaremetalSoftware/app/_ide/psinit/ps7_init.tcl
ps7_init
ps7_post_config
targets -set -nocase -filter {name =~ "*A9*#0"}
dow /home/bharathwaj/Research/fpgaStuff/xilinx/softwareDefinedRadio/WhiteShark/zedBaremetalSoftware/app/Debug/app.elf
configparams force-mem-access 0
----------------End of Script----------------

08:19:30 INFO  : Context for processor 'ps7_cortexa9_0' is selected.
08:19:30 INFO  : 'con' command is executed.
08:19:30 INFO  : ----------------XSDB Script (After Launch)----------------
targets -set -nocase -filter {name =~ "*A9*#0"}
con
----------------End of Script----------------

08:19:30 INFO  : Launch script is exported to file '/home/bharathwaj/Research/fpgaStuff/xilinx/softwareDefinedRadio/WhiteShark/zedBaremetalSoftware/app_system/_ide/scripts/debugger_app-default.tcl'
08:19:59 INFO  : Disconnected from the channel tcfchan#2.
