
*** Running vivado
    with args -log pz_7z030_pcie_processing_system7_0_0.vds -m64 -product Vivado -mode batch -messageDb vivado.pb -notrace -source pz_7z030_pcie_processing_system7_0_0.tcl


****** Vivado v2021.1 (64-bit)
  **** SW Build 3247384 on Thu Jun 10 19:36:07 MDT 2021
  **** IP Build 3246043 on Fri Jun 11 00:30:35 MDT 2021
    ** Copyright 1986-2021 Xilinx, Inc. All Rights Reserved.

source pz_7z030_pcie_processing_system7_0_0.tcl -notrace
Command: synth_design -top pz_7z030_pcie_processing_system7_0_0 -part xc7z030sbg485-1 -mode out_of_context
Starting synth_design
Attempting to get a license for feature 'Synthesis' and/or device 'xc7z030'
INFO: [Common 17-349] Got license for feature 'Synthesis' and/or device 'xc7z030'
INFO: [Device 21-403] Loading part xc7z030sbg485-1
INFO: [Synth 8-7079] Multithreading enabled for synth_design using a maximum of 4 processes.
INFO: [Synth 8-7078] Launching helper process for spawning children vivado processes
INFO: [Synth 8-7075] Helper process launched with PID 1283346
---------------------------------------------------------------------------------
Starting RTL Elaboration : Time (s): cpu = 00:00:05 ; elapsed = 00:00:09 . Memory (MB): peak = 2432.977 ; gain = 0.000 ; free physical = 243 ; free virtual = 13674
---------------------------------------------------------------------------------
INFO: [Synth 8-6157] synthesizing module 'pz_7z030_pcie_processing_system7_0_0' [/home/bharathwaj/Research/fpgaStuff/xilinx/openWifiPacketFilter/WhiteShark/fpga-drive-aximm-pcie/Vivado/pz_7z030_pcie/pz_7z030_pcie.gen/sources_1/bd/pz_7z030_pcie/ip/pz_7z030_pcie_processing_system7_0_0/synth/pz_7z030_pcie_processing_system7_0_0.v:60]
INFO: [Synth 8-6157] synthesizing module 'processing_system7_v5_5_processing_system7' [/home/bharathwaj/Research/fpgaStuff/xilinx/openWifiPacketFilter/WhiteShark/fpga-drive-aximm-pcie/Vivado/pz_7z030_pcie/pz_7z030_pcie.gen/sources_1/bd/pz_7z030_pcie/ip/pz_7z030_pcie_processing_system7_0_0/hdl/verilog/processing_system7_v5_5_processing_system7.v:162]
INFO: [Synth 8-6157] synthesizing module 'BUFG' [/tools/Xilinx/Vivado/2021.1/scripts/rt/data/unisim_comp.v:1083]
INFO: [Synth 8-6155] done synthesizing module 'BUFG' (1#1) [/tools/Xilinx/Vivado/2021.1/scripts/rt/data/unisim_comp.v:1083]
INFO: [Synth 8-6157] synthesizing module 'BIBUF' [/tools/Xilinx/Vivado/2021.1/scripts/rt/data/unisim_comp.v:730]
INFO: [Synth 8-6155] done synthesizing module 'BIBUF' (2#1) [/tools/Xilinx/Vivado/2021.1/scripts/rt/data/unisim_comp.v:730]
INFO: [Synth 8-6157] synthesizing module 'PS7' [/tools/Xilinx/Vivado/2021.1/scripts/rt/data/unisim_comp.v:84961]
INFO: [Synth 8-6155] done synthesizing module 'PS7' (3#1) [/tools/Xilinx/Vivado/2021.1/scripts/rt/data/unisim_comp.v:84961]
INFO: [Synth 8-6155] done synthesizing module 'processing_system7_v5_5_processing_system7' (4#1) [/home/bharathwaj/Research/fpgaStuff/xilinx/openWifiPacketFilter/WhiteShark/fpga-drive-aximm-pcie/Vivado/pz_7z030_pcie/pz_7z030_pcie.gen/sources_1/bd/pz_7z030_pcie/ip/pz_7z030_pcie_processing_system7_0_0/hdl/verilog/processing_system7_v5_5_processing_system7.v:162]
WARNING: [Synth 8-7071] port 'M_AXI_GP0_ARESETN' of module 'processing_system7_v5_5_processing_system7' is unconnected for instance 'inst' [/home/bharathwaj/Research/fpgaStuff/xilinx/openWifiPacketFilter/WhiteShark/fpga-drive-aximm-pcie/Vivado/pz_7z030_pcie/pz_7z030_pcie.gen/sources_1/bd/pz_7z030_pcie/ip/pz_7z030_pcie_processing_system7_0_0/synth/pz_7z030_pcie_processing_system7_0_0.v:591]
WARNING: [Synth 8-7071] port 'M_AXI_GP1_ARESETN' of module 'processing_system7_v5_5_processing_system7' is unconnected for instance 'inst' [/home/bharathwaj/Research/fpgaStuff/xilinx/openWifiPacketFilter/WhiteShark/fpga-drive-aximm-pcie/Vivado/pz_7z030_pcie/pz_7z030_pcie.gen/sources_1/bd/pz_7z030_pcie/ip/pz_7z030_pcie_processing_system7_0_0/synth/pz_7z030_pcie_processing_system7_0_0.v:591]
WARNING: [Synth 8-7071] port 'S_AXI_GP0_ARESETN' of module 'processing_system7_v5_5_processing_system7' is unconnected for instance 'inst' [/home/bharathwaj/Research/fpgaStuff/xilinx/openWifiPacketFilter/WhiteShark/fpga-drive-aximm-pcie/Vivado/pz_7z030_pcie/pz_7z030_pcie.gen/sources_1/bd/pz_7z030_pcie/ip/pz_7z030_pcie_processing_system7_0_0/synth/pz_7z030_pcie_processing_system7_0_0.v:591]
WARNING: [Synth 8-7071] port 'S_AXI_GP1_ARESETN' of module 'processing_system7_v5_5_processing_system7' is unconnected for instance 'inst' [/home/bharathwaj/Research/fpgaStuff/xilinx/openWifiPacketFilter/WhiteShark/fpga-drive-aximm-pcie/Vivado/pz_7z030_pcie/pz_7z030_pcie.gen/sources_1/bd/pz_7z030_pcie/ip/pz_7z030_pcie_processing_system7_0_0/synth/pz_7z030_pcie_processing_system7_0_0.v:591]
WARNING: [Synth 8-7071] port 'S_AXI_ACP_ARESETN' of module 'processing_system7_v5_5_processing_system7' is unconnected for instance 'inst' [/home/bharathwaj/Research/fpgaStuff/xilinx/openWifiPacketFilter/WhiteShark/fpga-drive-aximm-pcie/Vivado/pz_7z030_pcie/pz_7z030_pcie.gen/sources_1/bd/pz_7z030_pcie/ip/pz_7z030_pcie_processing_system7_0_0/synth/pz_7z030_pcie_processing_system7_0_0.v:591]
WARNING: [Synth 8-7071] port 'S_AXI_HP0_ARESETN' of module 'processing_system7_v5_5_processing_system7' is unconnected for instance 'inst' [/home/bharathwaj/Research/fpgaStuff/xilinx/openWifiPacketFilter/WhiteShark/fpga-drive-aximm-pcie/Vivado/pz_7z030_pcie/pz_7z030_pcie.gen/sources_1/bd/pz_7z030_pcie/ip/pz_7z030_pcie_processing_system7_0_0/synth/pz_7z030_pcie_processing_system7_0_0.v:591]
WARNING: [Synth 8-7071] port 'S_AXI_HP1_ARESETN' of module 'processing_system7_v5_5_processing_system7' is unconnected for instance 'inst' [/home/bharathwaj/Research/fpgaStuff/xilinx/openWifiPacketFilter/WhiteShark/fpga-drive-aximm-pcie/Vivado/pz_7z030_pcie/pz_7z030_pcie.gen/sources_1/bd/pz_7z030_pcie/ip/pz_7z030_pcie_processing_system7_0_0/synth/pz_7z030_pcie_processing_system7_0_0.v:591]
WARNING: [Synth 8-7071] port 'S_AXI_HP2_ARESETN' of module 'processing_system7_v5_5_processing_system7' is unconnected for instance 'inst' [/home/bharathwaj/Research/fpgaStuff/xilinx/openWifiPacketFilter/WhiteShark/fpga-drive-aximm-pcie/Vivado/pz_7z030_pcie/pz_7z030_pcie.gen/sources_1/bd/pz_7z030_pcie/ip/pz_7z030_pcie_processing_system7_0_0/synth/pz_7z030_pcie_processing_system7_0_0.v:591]
WARNING: [Synth 8-7071] port 'S_AXI_HP3_ARESETN' of module 'processing_system7_v5_5_processing_system7' is unconnected for instance 'inst' [/home/bharathwaj/Research/fpgaStuff/xilinx/openWifiPacketFilter/WhiteShark/fpga-drive-aximm-pcie/Vivado/pz_7z030_pcie/pz_7z030_pcie.gen/sources_1/bd/pz_7z030_pcie/ip/pz_7z030_pcie_processing_system7_0_0/synth/pz_7z030_pcie_processing_system7_0_0.v:591]
WARNING: [Synth 8-7071] port 'DMA0_RSTN' of module 'processing_system7_v5_5_processing_system7' is unconnected for instance 'inst' [/home/bharathwaj/Research/fpgaStuff/xilinx/openWifiPacketFilter/WhiteShark/fpga-drive-aximm-pcie/Vivado/pz_7z030_pcie/pz_7z030_pcie.gen/sources_1/bd/pz_7z030_pcie/ip/pz_7z030_pcie_processing_system7_0_0/synth/pz_7z030_pcie_processing_system7_0_0.v:591]
WARNING: [Synth 8-7071] port 'DMA1_RSTN' of module 'processing_system7_v5_5_processing_system7' is unconnected for instance 'inst' [/home/bharathwaj/Research/fpgaStuff/xilinx/openWifiPacketFilter/WhiteShark/fpga-drive-aximm-pcie/Vivado/pz_7z030_pcie/pz_7z030_pcie.gen/sources_1/bd/pz_7z030_pcie/ip/pz_7z030_pcie_processing_system7_0_0/synth/pz_7z030_pcie_processing_system7_0_0.v:591]
WARNING: [Synth 8-7071] port 'DMA2_RSTN' of module 'processing_system7_v5_5_processing_system7' is unconnected for instance 'inst' [/home/bharathwaj/Research/fpgaStuff/xilinx/openWifiPacketFilter/WhiteShark/fpga-drive-aximm-pcie/Vivado/pz_7z030_pcie/pz_7z030_pcie.gen/sources_1/bd/pz_7z030_pcie/ip/pz_7z030_pcie_processing_system7_0_0/synth/pz_7z030_pcie_processing_system7_0_0.v:591]
WARNING: [Synth 8-7071] port 'DMA3_RSTN' of module 'processing_system7_v5_5_processing_system7' is unconnected for instance 'inst' [/home/bharathwaj/Research/fpgaStuff/xilinx/openWifiPacketFilter/WhiteShark/fpga-drive-aximm-pcie/Vivado/pz_7z030_pcie/pz_7z030_pcie.gen/sources_1/bd/pz_7z030_pcie/ip/pz_7z030_pcie_processing_system7_0_0/synth/pz_7z030_pcie_processing_system7_0_0.v:591]
WARNING: [Synth 8-7023] instance 'inst' of module 'processing_system7_v5_5_processing_system7' has 685 connections declared, but only 672 given [/home/bharathwaj/Research/fpgaStuff/xilinx/openWifiPacketFilter/WhiteShark/fpga-drive-aximm-pcie/Vivado/pz_7z030_pcie/pz_7z030_pcie.gen/sources_1/bd/pz_7z030_pcie/ip/pz_7z030_pcie_processing_system7_0_0/synth/pz_7z030_pcie_processing_system7_0_0.v:591]
INFO: [Synth 8-6155] done synthesizing module 'pz_7z030_pcie_processing_system7_0_0' (5#1) [/home/bharathwaj/Research/fpgaStuff/xilinx/openWifiPacketFilter/WhiteShark/fpga-drive-aximm-pcie/Vivado/pz_7z030_pcie/pz_7z030_pcie.gen/sources_1/bd/pz_7z030_pcie/ip/pz_7z030_pcie_processing_system7_0_0/synth/pz_7z030_pcie_processing_system7_0_0.v:60]
---------------------------------------------------------------------------------
Finished RTL Elaboration : Time (s): cpu = 00:00:06 ; elapsed = 00:00:20 . Memory (MB): peak = 2432.977 ; gain = 0.000 ; free physical = 3590 ; free virtual = 13919
---------------------------------------------------------------------------------
---------------------------------------------------------------------------------
Start Handling Custom Attributes
---------------------------------------------------------------------------------
---------------------------------------------------------------------------------
Finished Handling Custom Attributes : Time (s): cpu = 00:00:07 ; elapsed = 00:00:21 . Memory (MB): peak = 2432.977 ; gain = 0.000 ; free physical = 3607 ; free virtual = 13942
---------------------------------------------------------------------------------
---------------------------------------------------------------------------------
Finished RTL Optimization Phase 1 : Time (s): cpu = 00:00:07 ; elapsed = 00:00:21 . Memory (MB): peak = 2432.977 ; gain = 0.000 ; free physical = 3607 ; free virtual = 13942
---------------------------------------------------------------------------------
Netlist sorting complete. Time (s): cpu = 00:00:00.02 ; elapsed = 00:00:00.03 . Memory (MB): peak = 2432.977 ; gain = 0.000 ; free physical = 3578 ; free virtual = 13925
INFO: [Project 1-570] Preparing netlist for logic optimization

Processing XDC Constraints
Initializing timing engine
Parsing XDC File [/home/bharathwaj/Research/fpgaStuff/xilinx/openWifiPacketFilter/WhiteShark/fpga-drive-aximm-pcie/Vivado/pz_7z030_pcie/pz_7z030_pcie.gen/sources_1/bd/pz_7z030_pcie/ip/pz_7z030_pcie_processing_system7_0_0/pz_7z030_pcie_processing_system7_0_0.xdc] for cell 'inst'
Finished Parsing XDC File [/home/bharathwaj/Research/fpgaStuff/xilinx/openWifiPacketFilter/WhiteShark/fpga-drive-aximm-pcie/Vivado/pz_7z030_pcie/pz_7z030_pcie.gen/sources_1/bd/pz_7z030_pcie/ip/pz_7z030_pcie_processing_system7_0_0/pz_7z030_pcie_processing_system7_0_0.xdc] for cell 'inst'
INFO: [Project 1-236] Implementation specific constraints were found while reading constraint file [/home/bharathwaj/Research/fpgaStuff/xilinx/openWifiPacketFilter/WhiteShark/fpga-drive-aximm-pcie/Vivado/pz_7z030_pcie/pz_7z030_pcie.gen/sources_1/bd/pz_7z030_pcie/ip/pz_7z030_pcie_processing_system7_0_0/pz_7z030_pcie_processing_system7_0_0.xdc]. These constraints will be ignored for synthesis but will be used in implementation. Impacted constraints are listed in the file [.Xil/pz_7z030_pcie_processing_system7_0_0_propImpl.xdc].
Resolution: To avoid this warning, move constraints listed in [.Xil/pz_7z030_pcie_processing_system7_0_0_propImpl.xdc] to another XDC file and exclude this new file from synthesis with the used_in_synthesis property (File Properties dialog in GUI) and re-run elaboration/synthesis.
Parsing XDC File [/home/bharathwaj/Research/fpgaStuff/xilinx/openWifiPacketFilter/WhiteShark/fpga-drive-aximm-pcie/Vivado/pz_7z030_pcie/pz_7z030_pcie.runs/pz_7z030_pcie_processing_system7_0_0_synth_1/dont_touch.xdc]
Finished Parsing XDC File [/home/bharathwaj/Research/fpgaStuff/xilinx/openWifiPacketFilter/WhiteShark/fpga-drive-aximm-pcie/Vivado/pz_7z030_pcie/pz_7z030_pcie.runs/pz_7z030_pcie_processing_system7_0_0_synth_1/dont_touch.xdc]
Completed Processing XDC Constraints

Netlist sorting complete. Time (s): cpu = 00:00:00 ; elapsed = 00:00:00 . Memory (MB): peak = 2495.035 ; gain = 0.000 ; free physical = 3191 ; free virtual = 13595
INFO: [Project 1-111] Unisim Transformation Summary:
No Unisim elements were transformed.

Constraint Validation Runtime : Time (s): cpu = 00:00:00.03 ; elapsed = 00:00:00.26 . Memory (MB): peak = 2495.035 ; gain = 0.000 ; free physical = 3190 ; free virtual = 13595
---------------------------------------------------------------------------------
Finished Constraint Validation : Time (s): cpu = 00:00:14 ; elapsed = 00:00:35 . Memory (MB): peak = 2495.035 ; gain = 62.059 ; free physical = 3225 ; free virtual = 13660
---------------------------------------------------------------------------------
---------------------------------------------------------------------------------
Start Loading Part and Timing Information
---------------------------------------------------------------------------------
Loading part: xc7z030sbg485-1
---------------------------------------------------------------------------------
Finished Loading Part and Timing Information : Time (s): cpu = 00:00:14 ; elapsed = 00:00:35 . Memory (MB): peak = 2495.035 ; gain = 62.059 ; free physical = 3225 ; free virtual = 13660
---------------------------------------------------------------------------------
---------------------------------------------------------------------------------
Start Applying 'set_property' XDC Constraints
---------------------------------------------------------------------------------
Applied set_property KEEP_HIERARCHY = SOFT for inst. (constraint file  /home/bharathwaj/Research/fpgaStuff/xilinx/openWifiPacketFilter/WhiteShark/fpga-drive-aximm-pcie/Vivado/pz_7z030_pcie/pz_7z030_pcie.runs/pz_7z030_pcie_processing_system7_0_0_synth_1/dont_touch.xdc, line 9).
---------------------------------------------------------------------------------
Finished applying 'set_property' XDC Constraints : Time (s): cpu = 00:00:14 ; elapsed = 00:00:35 . Memory (MB): peak = 2495.035 ; gain = 62.059 ; free physical = 3231 ; free virtual = 13672
---------------------------------------------------------------------------------
---------------------------------------------------------------------------------
Finished RTL Optimization Phase 2 : Time (s): cpu = 00:00:15 ; elapsed = 00:00:36 . Memory (MB): peak = 2495.035 ; gain = 62.059 ; free physical = 3236 ; free virtual = 13686
---------------------------------------------------------------------------------
---------------------------------------------------------------------------------
Start RTL Component Statistics 
---------------------------------------------------------------------------------
Detailed RTL Component Info : 
---------------------------------------------------------------------------------
Finished RTL Component Statistics 
---------------------------------------------------------------------------------
---------------------------------------------------------------------------------
Start Part Resource Summary
---------------------------------------------------------------------------------
Part Resources:
DSPs: 400 (col length:80)
BRAMs: 530 (col length: RAMB18 80 RAMB36 40)
---------------------------------------------------------------------------------
Finished Part Resource Summary
---------------------------------------------------------------------------------
---------------------------------------------------------------------------------
Start Cross Boundary and Area Optimization
---------------------------------------------------------------------------------
---------------------------------------------------------------------------------
Finished Cross Boundary and Area Optimization : Time (s): cpu = 00:00:15 ; elapsed = 00:00:37 . Memory (MB): peak = 2495.035 ; gain = 62.059 ; free physical = 3247 ; free virtual = 13705
---------------------------------------------------------------------------------
---------------------------------------------------------------------------------
Start Applying XDC Timing Constraints
---------------------------------------------------------------------------------
---------------------------------------------------------------------------------
Finished Applying XDC Timing Constraints : Time (s): cpu = 00:00:25 ; elapsed = 00:00:47 . Memory (MB): peak = 2522.020 ; gain = 89.043 ; free physical = 2490 ; free virtual = 12975
---------------------------------------------------------------------------------
---------------------------------------------------------------------------------
Start Timing Optimization
---------------------------------------------------------------------------------
---------------------------------------------------------------------------------
Finished Timing Optimization : Time (s): cpu = 00:00:25 ; elapsed = 00:00:47 . Memory (MB): peak = 2542.027 ; gain = 109.051 ; free physical = 2467 ; free virtual = 12952
---------------------------------------------------------------------------------
---------------------------------------------------------------------------------
Start Technology Mapping
---------------------------------------------------------------------------------
---------------------------------------------------------------------------------
Finished Technology Mapping : Time (s): cpu = 00:00:25 ; elapsed = 00:00:48 . Memory (MB): peak = 2553.051 ; gain = 120.074 ; free physical = 2445 ; free virtual = 12935
---------------------------------------------------------------------------------
---------------------------------------------------------------------------------
Start IO Insertion
---------------------------------------------------------------------------------
---------------------------------------------------------------------------------
Start Flattening Before IO Insertion
---------------------------------------------------------------------------------
---------------------------------------------------------------------------------
Finished Flattening Before IO Insertion
---------------------------------------------------------------------------------
---------------------------------------------------------------------------------
Start Final Netlist Cleanup
---------------------------------------------------------------------------------
---------------------------------------------------------------------------------
Finished Final Netlist Cleanup
---------------------------------------------------------------------------------
---------------------------------------------------------------------------------
Finished IO Insertion : Time (s): cpu = 00:00:30 ; elapsed = 00:00:54 . Memory (MB): peak = 2558.988 ; gain = 126.012 ; free physical = 2444 ; free virtual = 12963
---------------------------------------------------------------------------------
---------------------------------------------------------------------------------
Start Renaming Generated Instances
---------------------------------------------------------------------------------
---------------------------------------------------------------------------------
Finished Renaming Generated Instances : Time (s): cpu = 00:00:30 ; elapsed = 00:00:54 . Memory (MB): peak = 2558.988 ; gain = 126.012 ; free physical = 2444 ; free virtual = 12963
---------------------------------------------------------------------------------
---------------------------------------------------------------------------------
Start Rebuilding User Hierarchy
---------------------------------------------------------------------------------
---------------------------------------------------------------------------------
Finished Rebuilding User Hierarchy : Time (s): cpu = 00:00:30 ; elapsed = 00:00:54 . Memory (MB): peak = 2558.988 ; gain = 126.012 ; free physical = 2443 ; free virtual = 12963
---------------------------------------------------------------------------------
---------------------------------------------------------------------------------
Start Renaming Generated Ports
---------------------------------------------------------------------------------
---------------------------------------------------------------------------------
Finished Renaming Generated Ports : Time (s): cpu = 00:00:30 ; elapsed = 00:00:54 . Memory (MB): peak = 2558.988 ; gain = 126.012 ; free physical = 2443 ; free virtual = 12963
---------------------------------------------------------------------------------
---------------------------------------------------------------------------------
Start Handling Custom Attributes
---------------------------------------------------------------------------------
---------------------------------------------------------------------------------
Finished Handling Custom Attributes : Time (s): cpu = 00:00:30 ; elapsed = 00:00:54 . Memory (MB): peak = 2558.988 ; gain = 126.012 ; free physical = 2443 ; free virtual = 12963
---------------------------------------------------------------------------------
---------------------------------------------------------------------------------
Start Renaming Generated Nets
---------------------------------------------------------------------------------
---------------------------------------------------------------------------------
Finished Renaming Generated Nets : Time (s): cpu = 00:00:30 ; elapsed = 00:00:54 . Memory (MB): peak = 2558.988 ; gain = 126.012 ; free physical = 2443 ; free virtual = 12963
---------------------------------------------------------------------------------
---------------------------------------------------------------------------------
Start Writing Synthesis Report
---------------------------------------------------------------------------------

Report BlackBoxes: 
+-+--------------+----------+
| |BlackBox name |Instances |
+-+--------------+----------+
+-+--------------+----------+

Report Cell Usage: 
+------+------+------+
|      |Cell  |Count |
+------+------+------+
|1     |BIBUF |   130|
|2     |BUFG  |     1|
|3     |LUT1  |    24|
|4     |PS7   |     1|
+------+------+------+
---------------------------------------------------------------------------------
Finished Writing Synthesis Report : Time (s): cpu = 00:00:30 ; elapsed = 00:00:54 . Memory (MB): peak = 2558.988 ; gain = 126.012 ; free physical = 2443 ; free virtual = 12963
---------------------------------------------------------------------------------
Synthesis finished with 0 errors, 0 critical warnings and 0 warnings.
Synthesis Optimization Runtime : Time (s): cpu = 00:00:27 ; elapsed = 00:00:45 . Memory (MB): peak = 2558.988 ; gain = 63.953 ; free physical = 2453 ; free virtual = 12973
Synthesis Optimization Complete : Time (s): cpu = 00:00:30 ; elapsed = 00:00:54 . Memory (MB): peak = 2558.996 ; gain = 126.012 ; free physical = 2453 ; free virtual = 12973
INFO: [Project 1-571] Translating synthesized netlist
Netlist sorting complete. Time (s): cpu = 00:00:00.02 ; elapsed = 00:00:00.02 . Memory (MB): peak = 2558.996 ; gain = 0.000 ; free physical = 2444 ; free virtual = 12967
INFO: [Project 1-570] Preparing netlist for logic optimization
INFO: [Opt 31-138] Pushed 0 inverter(s) to 0 load pin(s).
Netlist sorting complete. Time (s): cpu = 00:00:00 ; elapsed = 00:00:00 . Memory (MB): peak = 2579.801 ; gain = 0.000 ; free physical = 2670 ; free virtual = 13207
INFO: [Project 1-111] Unisim Transformation Summary:
No Unisim elements were transformed.

Synth Design complete, checksum: 59c6a1ef
INFO: [Common 17-83] Releasing license: Synthesis
23 Infos, 14 Warnings, 0 Critical Warnings and 0 Errors encountered.
synth_design completed successfully
synth_design: Time (s): cpu = 00:00:35 ; elapsed = 00:01:01 . Memory (MB): peak = 2579.801 ; gain = 146.824 ; free physical = 2900 ; free virtual = 13438
INFO: [Common 17-1381] The checkpoint '/home/bharathwaj/Research/fpgaStuff/xilinx/openWifiPacketFilter/WhiteShark/fpga-drive-aximm-pcie/Vivado/pz_7z030_pcie/pz_7z030_pcie.runs/pz_7z030_pcie_processing_system7_0_0_synth_1/pz_7z030_pcie_processing_system7_0_0.dcp' has been generated.
INFO: [Coretcl 2-1648] Added synthesis output to IP cache for IP pz_7z030_pcie_processing_system7_0_0, cache-ID = 4bd9af300698010f
INFO: [Common 17-1381] The checkpoint '/home/bharathwaj/Research/fpgaStuff/xilinx/openWifiPacketFilter/WhiteShark/fpga-drive-aximm-pcie/Vivado/pz_7z030_pcie/pz_7z030_pcie.runs/pz_7z030_pcie_processing_system7_0_0_synth_1/pz_7z030_pcie_processing_system7_0_0.dcp' has been generated.
INFO: [runtcl-4] Executing : report_utilization -file pz_7z030_pcie_processing_system7_0_0_utilization_synth.rpt -pb pz_7z030_pcie_processing_system7_0_0_utilization_synth.pb
INFO: [Common 17-206] Exiting Vivado at Wed Nov 13 19:54:32 2024...
