
*** Running vivado
    with args -log pz_7z030_pcie_auto_cc_2.vds -m64 -product Vivado -mode batch -messageDb vivado.pb -notrace -source pz_7z030_pcie_auto_cc_2.tcl


****** Vivado v2021.1 (64-bit)
  **** SW Build 3247384 on Thu Jun 10 19:36:07 MDT 2021
  **** IP Build 3246043 on Fri Jun 11 00:30:35 MDT 2021
    ** Copyright 1986-2021 Xilinx, Inc. All Rights Reserved.

source pz_7z030_pcie_auto_cc_2.tcl -notrace
Command: synth_design -top pz_7z030_pcie_auto_cc_2 -part xc7z030sbg485-1 -mode out_of_context
Starting synth_design
Attempting to get a license for feature 'Synthesis' and/or device 'xc7z030'
INFO: [Common 17-349] Got license for feature 'Synthesis' and/or device 'xc7z030'
INFO: [Device 21-403] Loading part xc7z030sbg485-1
INFO: [Synth 8-7079] Multithreading enabled for synth_design using a maximum of 4 processes.
INFO: [Synth 8-7078] Launching helper process for spawning children vivado processes
INFO: [Synth 8-7075] Helper process launched with PID 1287297
---------------------------------------------------------------------------------
Starting RTL Elaboration : Time (s): cpu = 00:00:04 ; elapsed = 00:00:05 . Memory (MB): peak = 2468.043 ; gain = 0.000 ; free physical = 925 ; free virtual = 10789
---------------------------------------------------------------------------------
INFO: [Synth 8-6157] synthesizing module 'pz_7z030_pcie_auto_cc_2' [/home/bharathwaj/Research/fpgaStuff/xilinx/openWifiPacketFilter/WhiteShark/fpga-drive-aximm-pcie/Vivado/pz_7z030_pcie/pz_7z030_pcie.gen/sources_1/bd/pz_7z030_pcie/ip/pz_7z030_pcie_auto_cc_2/synth/pz_7z030_pcie_auto_cc_2.v:58]
INFO: [Synth 8-6157] synthesizing module 'axi_clock_converter_v2_1_23_axi_clock_converter' [/home/bharathwaj/Research/fpgaStuff/xilinx/openWifiPacketFilter/WhiteShark/fpga-drive-aximm-pcie/Vivado/pz_7z030_pcie/pz_7z030_pcie.gen/sources_1/bd/pz_7z030_pcie/ipshared/7ee4/hdl/axi_clock_converter_v2_1_vl_rfs.v:654]
INFO: [Synth 8-6157] synthesizing module 'xpm_cdc_single' [/tools/Xilinx/Vivado/2021.1/data/ip/xpm/xpm_cdc/hdl/xpm_cdc.sv:153]
INFO: [Synth 8-6155] done synthesizing module 'xpm_cdc_single' (1#1) [/tools/Xilinx/Vivado/2021.1/data/ip/xpm/xpm_cdc/hdl/xpm_cdc.sv:153]
INFO: [Synth 8-6157] synthesizing module 'xpm_cdc_async_rst' [/tools/Xilinx/Vivado/2021.1/data/ip/xpm/xpm_cdc/hdl/xpm_cdc.sv:1175]
INFO: [Synth 8-6155] done synthesizing module 'xpm_cdc_async_rst' (2#1) [/tools/Xilinx/Vivado/2021.1/data/ip/xpm/xpm_cdc/hdl/xpm_cdc.sv:1175]
INFO: [Synth 8-6157] synthesizing module 'xpm_cdc_single__parameterized1' [/tools/Xilinx/Vivado/2021.1/data/ip/xpm/xpm_cdc/hdl/xpm_cdc.sv:153]
INFO: [Synth 8-6155] done synthesizing module 'xpm_cdc_single__parameterized1' (2#1) [/tools/Xilinx/Vivado/2021.1/data/ip/xpm/xpm_cdc/hdl/xpm_cdc.sv:153]
INFO: [Synth 8-6157] synthesizing module 'xpm_cdc_gray' [/tools/Xilinx/Vivado/2021.1/data/ip/xpm/xpm_cdc/hdl/xpm_cdc.sv:284]
INFO: [Synth 8-6155] done synthesizing module 'xpm_cdc_gray' (7#1) [/tools/Xilinx/Vivado/2021.1/data/ip/xpm/xpm_cdc/hdl/xpm_cdc.sv:284]
INFO: [Synth 8-6155] done synthesizing module 'axi_clock_converter_v2_1_23_axi_clock_converter' (22#1) [/home/bharathwaj/Research/fpgaStuff/xilinx/openWifiPacketFilter/WhiteShark/fpga-drive-aximm-pcie/Vivado/pz_7z030_pcie/pz_7z030_pcie.gen/sources_1/bd/pz_7z030_pcie/ipshared/7ee4/hdl/axi_clock_converter_v2_1_vl_rfs.v:654]
INFO: [Synth 8-6155] done synthesizing module 'pz_7z030_pcie_auto_cc_2' (23#1) [/home/bharathwaj/Research/fpgaStuff/xilinx/openWifiPacketFilter/WhiteShark/fpga-drive-aximm-pcie/Vivado/pz_7z030_pcie/pz_7z030_pcie.gen/sources_1/bd/pz_7z030_pcie/ip/pz_7z030_pcie_auto_cc_2/synth/pz_7z030_pcie_auto_cc_2.v:58]
---------------------------------------------------------------------------------
Finished RTL Elaboration : Time (s): cpu = 00:00:08 ; elapsed = 00:00:09 . Memory (MB): peak = 2468.043 ; gain = 0.000 ; free physical = 1382 ; free virtual = 11247
---------------------------------------------------------------------------------
---------------------------------------------------------------------------------
Start Handling Custom Attributes
---------------------------------------------------------------------------------
---------------------------------------------------------------------------------
Finished Handling Custom Attributes : Time (s): cpu = 00:00:08 ; elapsed = 00:00:10 . Memory (MB): peak = 2468.043 ; gain = 0.000 ; free physical = 1386 ; free virtual = 11251
---------------------------------------------------------------------------------
---------------------------------------------------------------------------------
Finished RTL Optimization Phase 1 : Time (s): cpu = 00:00:08 ; elapsed = 00:00:10 . Memory (MB): peak = 2468.043 ; gain = 0.000 ; free physical = 1386 ; free virtual = 11251
---------------------------------------------------------------------------------
Netlist sorting complete. Time (s): cpu = 00:00:00.03 ; elapsed = 00:00:00.04 . Memory (MB): peak = 2468.043 ; gain = 0.000 ; free physical = 1386 ; free virtual = 11251
INFO: [Project 1-570] Preparing netlist for logic optimization

Processing XDC Constraints
Initializing timing engine
Parsing XDC File [/home/bharathwaj/Research/fpgaStuff/xilinx/openWifiPacketFilter/WhiteShark/fpga-drive-aximm-pcie/Vivado/pz_7z030_pcie/pz_7z030_pcie.gen/sources_1/bd/pz_7z030_pcie/ip/pz_7z030_pcie_auto_cc_2/pz_7z030_pcie_auto_cc_2_ooc.xdc] for cell 'inst'
Finished Parsing XDC File [/home/bharathwaj/Research/fpgaStuff/xilinx/openWifiPacketFilter/WhiteShark/fpga-drive-aximm-pcie/Vivado/pz_7z030_pcie/pz_7z030_pcie.gen/sources_1/bd/pz_7z030_pcie/ip/pz_7z030_pcie_auto_cc_2/pz_7z030_pcie_auto_cc_2_ooc.xdc] for cell 'inst'
Parsing XDC File [/home/bharathwaj/Research/fpgaStuff/xilinx/openWifiPacketFilter/WhiteShark/fpga-drive-aximm-pcie/Vivado/pz_7z030_pcie/pz_7z030_pcie.runs/pz_7z030_pcie_auto_cc_2_synth_1/dont_touch.xdc]
Finished Parsing XDC File [/home/bharathwaj/Research/fpgaStuff/xilinx/openWifiPacketFilter/WhiteShark/fpga-drive-aximm-pcie/Vivado/pz_7z030_pcie/pz_7z030_pcie.runs/pz_7z030_pcie_auto_cc_2_synth_1/dont_touch.xdc]
INFO: [Project 1-236] Implementation specific constraints were found while reading constraint file [/tools/Xilinx/Vivado/2021.1/data/ip/xpm/xpm_cdc/tcl/xpm_cdc_gray.tcl]. These constraints will be ignored for synthesis but will be used in implementation. Impacted constraints are listed in the file [.Xil/pz_7z030_pcie_auto_cc_2_propImpl.xdc].
Resolution: To avoid this warning, move constraints listed in [.Xil/pz_7z030_pcie_auto_cc_2_propImpl.xdc] to another XDC file and exclude this new file from synthesis with the used_in_synthesis property (File Properties dialog in GUI) and re-run elaboration/synthesis.
INFO: [Project 1-236] Implementation specific constraints were found while reading constraint file [/tools/Xilinx/Vivado/2021.1/data/ip/xpm/xpm_cdc/tcl/xpm_cdc_single.tcl]. These constraints will be ignored for synthesis but will be used in implementation. Impacted constraints are listed in the file [.Xil/pz_7z030_pcie_auto_cc_2_propImpl.xdc].
Resolution: To avoid this warning, move constraints listed in [.Xil/pz_7z030_pcie_auto_cc_2_propImpl.xdc] to another XDC file and exclude this new file from synthesis with the used_in_synthesis property (File Properties dialog in GUI) and re-run elaboration/synthesis.
INFO: [Project 1-1714] 33 XPM XDC files have been applied to the design.
Completed Processing XDC Constraints

Netlist sorting complete. Time (s): cpu = 00:00:00 ; elapsed = 00:00:00 . Memory (MB): peak = 2540.910 ; gain = 0.000 ; free physical = 1336 ; free virtual = 11201
INFO: [Project 1-111] Unisim Transformation Summary:
No Unisim elements were transformed.

Constraint Validation Runtime : Time (s): cpu = 00:00:00.04 ; elapsed = 00:00:00.04 . Memory (MB): peak = 2540.910 ; gain = 0.000 ; free physical = 1337 ; free virtual = 11202
---------------------------------------------------------------------------------
Finished Constraint Validation : Time (s): cpu = 00:00:13 ; elapsed = 00:00:15 . Memory (MB): peak = 2540.910 ; gain = 72.867 ; free physical = 1431 ; free virtual = 11296
---------------------------------------------------------------------------------
---------------------------------------------------------------------------------
Start Loading Part and Timing Information
---------------------------------------------------------------------------------
Loading part: xc7z030sbg485-1
---------------------------------------------------------------------------------
Finished Loading Part and Timing Information : Time (s): cpu = 00:00:13 ; elapsed = 00:00:15 . Memory (MB): peak = 2540.910 ; gain = 72.867 ; free physical = 1431 ; free virtual = 11296
---------------------------------------------------------------------------------
---------------------------------------------------------------------------------
Start Applying 'set_property' XDC Constraints
---------------------------------------------------------------------------------
Applied set_property KEEP_HIERARCHY = SOFT for inst. (constraint file  /home/bharathwaj/Research/fpgaStuff/xilinx/openWifiPacketFilter/WhiteShark/fpga-drive-aximm-pcie/Vivado/pz_7z030_pcie/pz_7z030_pcie.runs/pz_7z030_pcie_auto_cc_2_synth_1/dont_touch.xdc, line 9).
Applied set_property KEEP_HIERARCHY = SOFT for inst/\gen_clock_conv.gen_async_conv.asyncfifo_axi /inst_fifo_gen/\gaxi_full_lite.gwrite_ch.gwach2.axi_wach /\grf.rf /rstblk/\ngwrdrst.grst.g7serrst.gnsckt_wrst.gic_rst.rst_rd_reg2_inst . (constraint file  auto generated constraint).
Applied set_property KEEP_HIERARCHY = SOFT for inst/\gen_clock_conv.gen_async_conv.asyncfifo_axi /inst_fifo_gen/\gaxi_full_lite.gwrite_ch.gwdch2.axi_wdch /\grf.rf /rstblk/\ngwrdrst.grst.g7serrst.gnsckt_wrst.gic_rst.rst_rd_reg2_inst . (constraint file  auto generated constraint).
Applied set_property KEEP_HIERARCHY = SOFT for inst/\gen_clock_conv.gen_async_conv.asyncfifo_axi /inst_fifo_gen/\gaxi_full_lite.gwrite_ch.gwrch2.axi_wrch /\grf.rf /rstblk/\ngwrdrst.grst.g7serrst.gnsckt_wrst.gic_rst.rst_rd_reg2_inst . (constraint file  auto generated constraint).
Applied set_property KEEP_HIERARCHY = SOFT for inst/\gen_clock_conv.gen_async_conv.asyncfifo_axi /inst_fifo_gen/\gaxi_full_lite.gread_ch.grach2.axi_rach /\grf.rf /rstblk/\ngwrdrst.grst.g7serrst.gnsckt_wrst.gic_rst.rst_rd_reg2_inst . (constraint file  auto generated constraint).
Applied set_property KEEP_HIERARCHY = SOFT for inst/\gen_clock_conv.gen_async_conv.asyncfifo_axi /inst_fifo_gen/\gaxi_full_lite.gread_ch.grdch2.axi_rdch /\grf.rf /rstblk/\ngwrdrst.grst.g7serrst.gnsckt_wrst.gic_rst.rst_rd_reg2_inst . (constraint file  auto generated constraint).
Applied set_property KEEP_HIERARCHY = SOFT for inst/\gen_clock_conv.gen_async_conv.asyncfifo_axi /inst_fifo_gen/\gaxi_full_lite.gwrite_ch.gwach2.axi_wach /\grf.rf /rstblk/\ngwrdrst.grst.g7serrst.gnsckt_wrst.rst_wr_reg2_inst . (constraint file  auto generated constraint).
Applied set_property KEEP_HIERARCHY = SOFT for inst/\gen_clock_conv.gen_async_conv.asyncfifo_axi /inst_fifo_gen/\gaxi_full_lite.gwrite_ch.gwdch2.axi_wdch /\grf.rf /rstblk/\ngwrdrst.grst.g7serrst.gnsckt_wrst.rst_wr_reg2_inst . (constraint file  auto generated constraint).
Applied set_property KEEP_HIERARCHY = SOFT for inst/\gen_clock_conv.gen_async_conv.asyncfifo_axi /inst_fifo_gen/\gaxi_full_lite.gwrite_ch.gwrch2.axi_wrch /\grf.rf /rstblk/\ngwrdrst.grst.g7serrst.gnsckt_wrst.rst_wr_reg2_inst . (constraint file  auto generated constraint).
Applied set_property KEEP_HIERARCHY = SOFT for inst/\gen_clock_conv.gen_async_conv.asyncfifo_axi /inst_fifo_gen/\gaxi_full_lite.gread_ch.grach2.axi_rach /\grf.rf /rstblk/\ngwrdrst.grst.g7serrst.gnsckt_wrst.rst_wr_reg2_inst . (constraint file  auto generated constraint).
Applied set_property KEEP_HIERARCHY = SOFT for inst/\gen_clock_conv.gen_async_conv.asyncfifo_axi /inst_fifo_gen/\gaxi_full_lite.gread_ch.grdch2.axi_rdch /\grf.rf /rstblk/\ngwrdrst.grst.g7serrst.gnsckt_wrst.rst_wr_reg2_inst . (constraint file  auto generated constraint).
Applied set_property KEEP_HIERARCHY = SOFT for inst/\gen_clock_conv.gen_async_conv.asyncfifo_axi /inst_fifo_gen/\gaxi_full_lite.gwrite_ch.gwach2.axi_wach /\grf.rf /\gntv_or_sync_fifo.gcx.clkx /rd_pntr_cdc_inst. (constraint file  auto generated constraint).
Applied set_property KEEP_HIERARCHY = SOFT for inst/\gen_clock_conv.gen_async_conv.asyncfifo_axi /inst_fifo_gen/\gaxi_full_lite.gwrite_ch.gwdch2.axi_wdch /\grf.rf /\gntv_or_sync_fifo.gcx.clkx /rd_pntr_cdc_inst. (constraint file  auto generated constraint).
Applied set_property KEEP_HIERARCHY = SOFT for inst/\gen_clock_conv.gen_async_conv.asyncfifo_axi /inst_fifo_gen/\gaxi_full_lite.gwrite_ch.gwrch2.axi_wrch /\grf.rf /\gntv_or_sync_fifo.gcx.clkx /rd_pntr_cdc_inst. (constraint file  auto generated constraint).
Applied set_property KEEP_HIERARCHY = SOFT for inst/\gen_clock_conv.gen_async_conv.asyncfifo_axi /inst_fifo_gen/\gaxi_full_lite.gread_ch.grach2.axi_rach /\grf.rf /\gntv_or_sync_fifo.gcx.clkx /rd_pntr_cdc_inst. (constraint file  auto generated constraint).
Applied set_property KEEP_HIERARCHY = SOFT for inst/\gen_clock_conv.gen_async_conv.asyncfifo_axi /inst_fifo_gen/\gaxi_full_lite.gread_ch.grdch2.axi_rdch /\grf.rf /\gntv_or_sync_fifo.gcx.clkx /rd_pntr_cdc_inst. (constraint file  auto generated constraint).
Applied set_property KEEP_HIERARCHY = SOFT for inst/\gen_clock_conv.gen_async_conv.asyncfifo_axi /inst_fifo_gen/\gaxi_full_lite.gwrite_ch.gwach2.axi_wach /\grf.rf /\gntv_or_sync_fifo.gcx.clkx /wr_pntr_cdc_inst. (constraint file  auto generated constraint).
Applied set_property KEEP_HIERARCHY = SOFT for inst/\gen_clock_conv.gen_async_conv.asyncfifo_axi /inst_fifo_gen/\gaxi_full_lite.gwrite_ch.gwdch2.axi_wdch /\grf.rf /\gntv_or_sync_fifo.gcx.clkx /wr_pntr_cdc_inst. (constraint file  auto generated constraint).
Applied set_property KEEP_HIERARCHY = SOFT for inst/\gen_clock_conv.gen_async_conv.asyncfifo_axi /inst_fifo_gen/\gaxi_full_lite.gwrite_ch.gwrch2.axi_wrch /\grf.rf /\gntv_or_sync_fifo.gcx.clkx /wr_pntr_cdc_inst. (constraint file  auto generated constraint).
Applied set_property KEEP_HIERARCHY = SOFT for inst/\gen_clock_conv.gen_async_conv.asyncfifo_axi /inst_fifo_gen/\gaxi_full_lite.gread_ch.grach2.axi_rach /\grf.rf /\gntv_or_sync_fifo.gcx.clkx /wr_pntr_cdc_inst. (constraint file  auto generated constraint).
Applied set_property KEEP_HIERARCHY = SOFT for inst/\gen_clock_conv.gen_async_conv.asyncfifo_axi /inst_fifo_gen/\gaxi_full_lite.gread_ch.grdch2.axi_rdch /\grf.rf /\gntv_or_sync_fifo.gcx.clkx /wr_pntr_cdc_inst. (constraint file  auto generated constraint).
Applied set_property KEEP_HIERARCHY = SOFT for inst/\gen_clock_conv.gen_async_conv.asyncfifo_axi /inst_fifo_gen/\gaxi_full_lite.gread_ch.grach2.cdc_wr_rst_busy_ic_3.xpm_cdc_single_inst3 . (constraint file  auto generated constraint).
Applied set_property KEEP_HIERARCHY = SOFT for inst/\gen_clock_conv.gen_async_conv.asyncfifo_axi /inst_fifo_gen/\gaxi_full_lite.gwrite_ch.gwach2.cdc_wr_rst_busy_ic_1.xpm_cdc_single_inst1 . (constraint file  auto generated constraint).
Applied set_property KEEP_HIERARCHY = SOFT for inst/\gen_clock_conv.gen_async_conv.asyncfifo_axi /inst_fifo_gen/\gaxi_full_lite.gwrite_ch.gwdch2.cdc_wr_rst_busy_ic_2.xpm_cdc_single_inst2 . (constraint file  auto generated constraint).
Applied set_property KEEP_HIERARCHY = SOFT for inst/\gen_clock_conv.gen_async_conv.asyncfifo_axi /inst_fifo_gen/\gaxi_full_lite.gwrite_ch.gwach2.axi_wach /\grf.rf /rstblk/\ngwrdrst.grst.g7serrst.gnsckt_wrst.gic_rst.xpm_cdc_single_inst_rrst_wr . (constraint file  auto generated constraint).
Applied set_property KEEP_HIERARCHY = SOFT for inst/\gen_clock_conv.gen_async_conv.asyncfifo_axi /inst_fifo_gen/\gaxi_full_lite.gwrite_ch.gwdch2.axi_wdch /\grf.rf /rstblk/\ngwrdrst.grst.g7serrst.gnsckt_wrst.gic_rst.xpm_cdc_single_inst_rrst_wr . (constraint file  auto generated constraint).
Applied set_property KEEP_HIERARCHY = SOFT for inst/\gen_clock_conv.gen_async_conv.asyncfifo_axi /inst_fifo_gen/\gaxi_full_lite.gwrite_ch.gwrch2.axi_wrch /\grf.rf /rstblk/\ngwrdrst.grst.g7serrst.gnsckt_wrst.gic_rst.xpm_cdc_single_inst_rrst_wr . (constraint file  auto generated constraint).
Applied set_property KEEP_HIERARCHY = SOFT for inst/\gen_clock_conv.gen_async_conv.asyncfifo_axi /inst_fifo_gen/\gaxi_full_lite.gread_ch.grach2.axi_rach /\grf.rf /rstblk/\ngwrdrst.grst.g7serrst.gnsckt_wrst.gic_rst.xpm_cdc_single_inst_rrst_wr . (constraint file  auto generated constraint).
Applied set_property KEEP_HIERARCHY = SOFT for inst/\gen_clock_conv.gen_async_conv.asyncfifo_axi /inst_fifo_gen/\gaxi_full_lite.gread_ch.grdch2.axi_rdch /\grf.rf /rstblk/\ngwrdrst.grst.g7serrst.gnsckt_wrst.gic_rst.xpm_cdc_single_inst_rrst_wr . (constraint file  auto generated constraint).
Applied set_property KEEP_HIERARCHY = SOFT for inst/\gen_clock_conv.gen_async_conv.asyncfifo_axi /inst_fifo_gen/\gaxi_full_lite.gwrite_ch.gwach2.axi_wach /\grf.rf /rstblk/\ngwrdrst.grst.g7serrst.gnsckt_wrst.gic_rst.xpm_cdc_single_inst_wrst_rd . (constraint file  auto generated constraint).
Applied set_property KEEP_HIERARCHY = SOFT for inst/\gen_clock_conv.gen_async_conv.asyncfifo_axi /inst_fifo_gen/\gaxi_full_lite.gwrite_ch.gwdch2.axi_wdch /\grf.rf /rstblk/\ngwrdrst.grst.g7serrst.gnsckt_wrst.gic_rst.xpm_cdc_single_inst_wrst_rd . (constraint file  auto generated constraint).
Applied set_property KEEP_HIERARCHY = SOFT for inst/\gen_clock_conv.gen_async_conv.asyncfifo_axi /inst_fifo_gen/\gaxi_full_lite.gwrite_ch.gwrch2.axi_wrch /\grf.rf /rstblk/\ngwrdrst.grst.g7serrst.gnsckt_wrst.gic_rst.xpm_cdc_single_inst_wrst_rd . (constraint file  auto generated constraint).
Applied set_property KEEP_HIERARCHY = SOFT for inst/\gen_clock_conv.gen_async_conv.asyncfifo_axi /inst_fifo_gen/\gaxi_full_lite.gread_ch.grach2.axi_rach /\grf.rf /rstblk/\ngwrdrst.grst.g7serrst.gnsckt_wrst.gic_rst.xpm_cdc_single_inst_wrst_rd . (constraint file  auto generated constraint).
Applied set_property KEEP_HIERARCHY = SOFT for inst/\gen_clock_conv.gen_async_conv.asyncfifo_axi /inst_fifo_gen/\gaxi_full_lite.gread_ch.grdch2.axi_rdch /\grf.rf /rstblk/\ngwrdrst.grst.g7serrst.gnsckt_wrst.gic_rst.xpm_cdc_single_inst_wrst_rd . (constraint file  auto generated constraint).
---------------------------------------------------------------------------------
Finished applying 'set_property' XDC Constraints : Time (s): cpu = 00:00:13 ; elapsed = 00:00:15 . Memory (MB): peak = 2540.910 ; gain = 72.867 ; free physical = 1459 ; free virtual = 11324
---------------------------------------------------------------------------------
INFO: [Synth 8-802] inferred FSM for state register 'gpregsm1.curr_fwft_state_reg' in module 'rd_fwft'
INFO: [Synth 8-6159] Found Keep on FSM register 'gpregsm1.curr_fwft_state_reg' in module 'rd_fwft', re-encoding will not be performed
---------------------------------------------------------------------------------------------------
                   State |                     New Encoding |                Previous Encoding 
---------------------------------------------------------------------------------------------------
                 invalid |                               00 |                               00
            stage1_valid |                               10 |                               10
       both_stages_valid |                               11 |                               11
            stage2_valid |                               01 |                               01
---------------------------------------------------------------------------------------------------
---------------------------------------------------------------------------------
Finished RTL Optimization Phase 2 : Time (s): cpu = 00:00:14 ; elapsed = 00:00:16 . Memory (MB): peak = 2540.910 ; gain = 72.867 ; free physical = 1484 ; free virtual = 11351
---------------------------------------------------------------------------------
---------------------------------------------------------------------------------
Start RTL Component Statistics 
---------------------------------------------------------------------------------
Detailed RTL Component Info : 
+---Adders : 
	   2 Input    4 Bit       Adders := 10    
+---XORs : 
	   2 Input      4 Bit         XORs := 10    
	   2 Input      1 Bit         XORs := 110   
+---Registers : 
	               73 Bit    Registers := 2     
	               68 Bit    Registers := 2     
	               62 Bit    Registers := 4     
	                5 Bit    Registers := 10    
	                4 Bit    Registers := 83    
	                3 Bit    Registers := 2     
	                2 Bit    Registers := 15    
	                1 Bit    Registers := 88    
+---Muxes : 
	   4 Input    2 Bit        Muxes := 5     
	   2 Input    2 Bit        Muxes := 50    
	   5 Input    2 Bit        Muxes := 5     
	   3 Input    1 Bit        Muxes := 5     
	   2 Input    1 Bit        Muxes := 15    
	   4 Input    1 Bit        Muxes := 10    
---------------------------------------------------------------------------------
Finished RTL Component Statistics 
---------------------------------------------------------------------------------
---------------------------------------------------------------------------------
Start Part Resource Summary
---------------------------------------------------------------------------------
Part Resources:
DSPs: 400 (col length:80)
BRAMs: 530 (col length: RAMB18 80 RAMB36 40)
---------------------------------------------------------------------------------
Finished Part Resource Summary
---------------------------------------------------------------------------------
---------------------------------------------------------------------------------
Start Cross Boundary and Area Optimization
---------------------------------------------------------------------------------
---------------------------------------------------------------------------------
Finished Cross Boundary and Area Optimization : Time (s): cpu = 00:00:16 ; elapsed = 00:00:18 . Memory (MB): peak = 2540.910 ; gain = 72.867 ; free physical = 1549 ; free virtual = 11419
---------------------------------------------------------------------------------
---------------------------------------------------------------------------------
Start ROM, RAM, DSP, Shift Register and Retiming Reporting
---------------------------------------------------------------------------------

Distributed RAM: Preliminary Mapping Report (see note below)
+---------------------------------------------------+-----------------------------------------------------------------------------------------------------------+----------------+----------------------+--------------+
|Module Name                                        | RTL Object                                                                                                | Inference      | Size (Depth x Width) | Primitives   | 
+---------------------------------------------------+-----------------------------------------------------------------------------------------------------------+----------------+----------------------+--------------+
|inst/\gen_clock_conv.gen_async_conv.asyncfifo_axi  | inst_fifo_gen/gaxi_full_lite.gwrite_ch.gwach2.axi_wach/grf.rf/gntv_or_sync_fifo.mem/gdm.dm_gen.dm/RAM_reg | User Attribute | 16 x 62              | RAM32M x 11  | 
|inst/\gen_clock_conv.gen_async_conv.asyncfifo_axi  | inst_fifo_gen/gaxi_full_lite.gwrite_ch.gwdch2.axi_wdch/grf.rf/gntv_or_sync_fifo.mem/gdm.dm_gen.dm/RAM_reg | User Attribute | 16 x 73              | RAM32M x 13  | 
|inst/\gen_clock_conv.gen_async_conv.asyncfifo_axi  | inst_fifo_gen/gaxi_full_lite.gwrite_ch.gwrch2.axi_wrch/grf.rf/gntv_or_sync_fifo.mem/gdm.dm_gen.dm/RAM_reg | User Attribute | 16 x 3               | RAM32M x 1   | 
|inst/\gen_clock_conv.gen_async_conv.asyncfifo_axi  | inst_fifo_gen/gaxi_full_lite.gread_ch.grach2.axi_rach/grf.rf/gntv_or_sync_fifo.mem/gdm.dm_gen.dm/RAM_reg  | User Attribute | 16 x 62              | RAM32M x 11  | 
|inst/\gen_clock_conv.gen_async_conv.asyncfifo_axi  | inst_fifo_gen/gaxi_full_lite.gread_ch.grdch2.axi_rdch/grf.rf/gntv_or_sync_fifo.mem/gdm.dm_gen.dm/RAM_reg  | User Attribute | 16 x 68              | RAM32M x 12  | 
+---------------------------------------------------+-----------------------------------------------------------------------------------------------------------+----------------+----------------------+--------------+

Note: The table above is a preliminary report that shows the Distributed RAMs at the current stage of the synthesis flow. Some Distributed RAMs may be reimplemented as non Distributed RAM primitives later in the synthesis flow. Multiple instantiated RAMs are reported only once.
---------------------------------------------------------------------------------
Finished ROM, RAM, DSP, Shift Register and Retiming Reporting
---------------------------------------------------------------------------------
---------------------------------------------------------------------------------
Start Applying XDC Timing Constraints
---------------------------------------------------------------------------------
---------------------------------------------------------------------------------
Finished Applying XDC Timing Constraints : Time (s): cpu = 00:00:21 ; elapsed = 00:00:23 . Memory (MB): peak = 2540.910 ; gain = 72.867 ; free physical = 1557 ; free virtual = 11428
---------------------------------------------------------------------------------
---------------------------------------------------------------------------------
Start Timing Optimization
---------------------------------------------------------------------------------
---------------------------------------------------------------------------------
Finished Timing Optimization : Time (s): cpu = 00:00:21 ; elapsed = 00:00:24 . Memory (MB): peak = 2540.910 ; gain = 72.867 ; free physical = 1557 ; free virtual = 11428
---------------------------------------------------------------------------------
---------------------------------------------------------------------------------
Start ROM, RAM, DSP, Shift Register and Retiming Reporting
---------------------------------------------------------------------------------

Distributed RAM: Final Mapping Report
+---------------------------------------------------+-----------------------------------------------------------------------------------------------------------+----------------+----------------------+--------------+
|Module Name                                        | RTL Object                                                                                                | Inference      | Size (Depth x Width) | Primitives   | 
+---------------------------------------------------+-----------------------------------------------------------------------------------------------------------+----------------+----------------------+--------------+
|inst/\gen_clock_conv.gen_async_conv.asyncfifo_axi  | inst_fifo_gen/gaxi_full_lite.gwrite_ch.gwach2.axi_wach/grf.rf/gntv_or_sync_fifo.mem/gdm.dm_gen.dm/RAM_reg | User Attribute | 16 x 62              | RAM32M x 11  | 
|inst/\gen_clock_conv.gen_async_conv.asyncfifo_axi  | inst_fifo_gen/gaxi_full_lite.gwrite_ch.gwdch2.axi_wdch/grf.rf/gntv_or_sync_fifo.mem/gdm.dm_gen.dm/RAM_reg | User Attribute | 16 x 73              | RAM32M x 13  | 
|inst/\gen_clock_conv.gen_async_conv.asyncfifo_axi  | inst_fifo_gen/gaxi_full_lite.gwrite_ch.gwrch2.axi_wrch/grf.rf/gntv_or_sync_fifo.mem/gdm.dm_gen.dm/RAM_reg | User Attribute | 16 x 3               | RAM32M x 1   | 
|inst/\gen_clock_conv.gen_async_conv.asyncfifo_axi  | inst_fifo_gen/gaxi_full_lite.gread_ch.grach2.axi_rach/grf.rf/gntv_or_sync_fifo.mem/gdm.dm_gen.dm/RAM_reg  | User Attribute | 16 x 62              | RAM32M x 11  | 
|inst/\gen_clock_conv.gen_async_conv.asyncfifo_axi  | inst_fifo_gen/gaxi_full_lite.gread_ch.grdch2.axi_rdch/grf.rf/gntv_or_sync_fifo.mem/gdm.dm_gen.dm/RAM_reg  | User Attribute | 16 x 68              | RAM32M x 12  | 
+---------------------------------------------------+-----------------------------------------------------------------------------------------------------------+----------------+----------------------+--------------+

---------------------------------------------------------------------------------
Finished ROM, RAM, DSP, Shift Register and Retiming Reporting
---------------------------------------------------------------------------------
---------------------------------------------------------------------------------
Start Technology Mapping
---------------------------------------------------------------------------------
---------------------------------------------------------------------------------
Finished Technology Mapping : Time (s): cpu = 00:00:22 ; elapsed = 00:00:25 . Memory (MB): peak = 2540.910 ; gain = 72.867 ; free physical = 1563 ; free virtual = 11434
---------------------------------------------------------------------------------
---------------------------------------------------------------------------------
Start IO Insertion
---------------------------------------------------------------------------------
---------------------------------------------------------------------------------
Start Flattening Before IO Insertion
---------------------------------------------------------------------------------
---------------------------------------------------------------------------------
Finished Flattening Before IO Insertion
---------------------------------------------------------------------------------
---------------------------------------------------------------------------------
Start Final Netlist Cleanup
---------------------------------------------------------------------------------
---------------------------------------------------------------------------------
Finished Final Netlist Cleanup
---------------------------------------------------------------------------------
---------------------------------------------------------------------------------
Finished IO Insertion : Time (s): cpu = 00:00:25 ; elapsed = 00:00:28 . Memory (MB): peak = 2540.910 ; gain = 72.867 ; free physical = 1614 ; free virtual = 11484
---------------------------------------------------------------------------------
---------------------------------------------------------------------------------
Start Renaming Generated Instances
---------------------------------------------------------------------------------
---------------------------------------------------------------------------------
Finished Renaming Generated Instances : Time (s): cpu = 00:00:25 ; elapsed = 00:00:28 . Memory (MB): peak = 2540.910 ; gain = 72.867 ; free physical = 1614 ; free virtual = 11484
---------------------------------------------------------------------------------
---------------------------------------------------------------------------------
Start Rebuilding User Hierarchy
---------------------------------------------------------------------------------
---------------------------------------------------------------------------------
Finished Rebuilding User Hierarchy : Time (s): cpu = 00:00:25 ; elapsed = 00:00:28 . Memory (MB): peak = 2540.910 ; gain = 72.867 ; free physical = 1614 ; free virtual = 11484
---------------------------------------------------------------------------------
---------------------------------------------------------------------------------
Start Renaming Generated Ports
---------------------------------------------------------------------------------
---------------------------------------------------------------------------------
Finished Renaming Generated Ports : Time (s): cpu = 00:00:25 ; elapsed = 00:00:28 . Memory (MB): peak = 2540.910 ; gain = 72.867 ; free physical = 1614 ; free virtual = 11484
---------------------------------------------------------------------------------
---------------------------------------------------------------------------------
Start Handling Custom Attributes
---------------------------------------------------------------------------------
---------------------------------------------------------------------------------
Finished Handling Custom Attributes : Time (s): cpu = 00:00:25 ; elapsed = 00:00:28 . Memory (MB): peak = 2540.910 ; gain = 72.867 ; free physical = 1614 ; free virtual = 11484
---------------------------------------------------------------------------------
---------------------------------------------------------------------------------
Start Renaming Generated Nets
---------------------------------------------------------------------------------
---------------------------------------------------------------------------------
Finished Renaming Generated Nets : Time (s): cpu = 00:00:25 ; elapsed = 00:00:28 . Memory (MB): peak = 2540.910 ; gain = 72.867 ; free physical = 1614 ; free virtual = 11484
---------------------------------------------------------------------------------
---------------------------------------------------------------------------------
Start Writing Synthesis Report
---------------------------------------------------------------------------------

Report BlackBoxes: 
+-+--------------+----------+
| |BlackBox name |Instances |
+-+--------------+----------+
+-+--------------+----------+

Report Cell Usage: 
+------+---------+------+
|      |Cell     |Count |
+------+---------+------+
|1     |LUT1     |    76|
|2     |LUT2     |    66|
|3     |LUT3     |    35|
|4     |LUT4     |    64|
|5     |LUT5     |    10|
|6     |LUT6     |    27|
|7     |RAM32M   |    43|
|8     |RAM32X1D |     9|
|9     |FDCE     |   130|
|10    |FDPE     |   115|
|11    |FDRE     |   793|
+------+---------+------+
---------------------------------------------------------------------------------
Finished Writing Synthesis Report : Time (s): cpu = 00:00:25 ; elapsed = 00:00:28 . Memory (MB): peak = 2540.910 ; gain = 72.867 ; free physical = 1614 ; free virtual = 11484
---------------------------------------------------------------------------------
Synthesis finished with 0 errors, 0 critical warnings and 0 warnings.
Synthesis Optimization Runtime : Time (s): cpu = 00:00:23 ; elapsed = 00:00:26 . Memory (MB): peak = 2540.910 ; gain = 0.000 ; free physical = 1634 ; free virtual = 11504
Synthesis Optimization Complete : Time (s): cpu = 00:00:25 ; elapsed = 00:00:28 . Memory (MB): peak = 2540.910 ; gain = 72.867 ; free physical = 1634 ; free virtual = 11504
INFO: [Project 1-571] Translating synthesized netlist
Netlist sorting complete. Time (s): cpu = 00:00:00.03 ; elapsed = 00:00:00.03 . Memory (MB): peak = 2540.910 ; gain = 0.000 ; free physical = 1719 ; free virtual = 11589
INFO: [Netlist 29-17] Analyzing 52 Unisim elements for replacement
INFO: [Netlist 29-28] Unisim Transformation completed in 0 CPU seconds
INFO: [Project 1-570] Preparing netlist for logic optimization
INFO: [Opt 31-138] Pushed 0 inverter(s) to 0 load pin(s).
Netlist sorting complete. Time (s): cpu = 00:00:00 ; elapsed = 00:00:00 . Memory (MB): peak = 2540.910 ; gain = 0.000 ; free physical = 1670 ; free virtual = 11540
INFO: [Project 1-111] Unisim Transformation Summary:
  A total of 52 instances were transformed.
  RAM32M => RAM32M (RAMD32(x6), RAMS32(x2)): 43 instances
  RAM32X1D => RAM32X1D (RAMD32(x2)): 9 instances

Synth Design complete, checksum: a210d3a5
INFO: [Common 17-83] Releasing license: Synthesis
31 Infos, 0 Warnings, 0 Critical Warnings and 0 Errors encountered.
synth_design completed successfully
synth_design: Time (s): cpu = 00:00:35 ; elapsed = 00:00:33 . Memory (MB): peak = 2540.910 ; gain = 72.938 ; free physical = 1819 ; free virtual = 11689
INFO: [Common 17-1381] The checkpoint '/home/bharathwaj/Research/fpgaStuff/xilinx/openWifiPacketFilter/WhiteShark/fpga-drive-aximm-pcie/Vivado/pz_7z030_pcie/pz_7z030_pcie.runs/pz_7z030_pcie_auto_cc_2_synth_1/pz_7z030_pcie_auto_cc_2.dcp' has been generated.
INFO: [Coretcl 2-1648] Added synthesis output to IP cache for IP pz_7z030_pcie_auto_cc_2, cache-ID = 972f376fcc79a605
INFO: [Coretcl 2-1174] Renamed 101 cell refs.
INFO: [Common 17-1381] The checkpoint '/home/bharathwaj/Research/fpgaStuff/xilinx/openWifiPacketFilter/WhiteShark/fpga-drive-aximm-pcie/Vivado/pz_7z030_pcie/pz_7z030_pcie.runs/pz_7z030_pcie_auto_cc_2_synth_1/pz_7z030_pcie_auto_cc_2.dcp' has been generated.
INFO: [runtcl-4] Executing : report_utilization -file pz_7z030_pcie_auto_cc_2_utilization_synth.rpt -pb pz_7z030_pcie_auto_cc_2_utilization_synth.pb
INFO: [Common 17-206] Exiting Vivado at Wed Nov 13 19:58:16 2024...
