
*** Running vivado
    with args -log pz_7z030_pcie_auto_us_0.vds -m64 -product Vivado -mode batch -messageDb vivado.pb -notrace -source pz_7z030_pcie_auto_us_0.tcl


****** Vivado v2021.1 (64-bit)
  **** SW Build 3247384 on Thu Jun 10 19:36:07 MDT 2021
  **** IP Build 3246043 on Fri Jun 11 00:30:35 MDT 2021
    ** Copyright 1986-2021 Xilinx, Inc. All Rights Reserved.

source pz_7z030_pcie_auto_us_0.tcl -notrace
Command: synth_design -top pz_7z030_pcie_auto_us_0 -part xc7z030sbg485-1 -mode out_of_context
Starting synth_design
Attempting to get a license for feature 'Synthesis' and/or device 'xc7z030'
INFO: [Common 17-349] Got license for feature 'Synthesis' and/or device 'xc7z030'
INFO: [Device 21-403] Loading part xc7z030sbg485-1
INFO: [Synth 8-7079] Multithreading enabled for synth_design using a maximum of 4 processes.
INFO: [Synth 8-7078] Launching helper process for spawning children vivado processes
INFO: [Synth 8-7075] Helper process launched with PID 1286052
---------------------------------------------------------------------------------
Starting RTL Elaboration : Time (s): cpu = 00:00:06 ; elapsed = 00:00:07 . Memory (MB): peak = 2455.047 ; gain = 0.000 ; free physical = 4022 ; free virtual = 13798
---------------------------------------------------------------------------------
INFO: [Synth 8-6157] synthesizing module 'pz_7z030_pcie_auto_us_0' [/home/bharathwaj/Research/fpgaStuff/xilinx/openWifiPacketFilter/WhiteShark/fpga-drive-aximm-pcie/Vivado/pz_7z030_pcie/pz_7z030_pcie.gen/sources_1/bd/pz_7z030_pcie/ip/pz_7z030_pcie_auto_us_0/synth/pz_7z030_pcie_auto_us_0.v:58]
INFO: [Synth 8-6157] synthesizing module 'axi_dwidth_converter_v2_1_24_top' [/home/bharathwaj/Research/fpgaStuff/xilinx/openWifiPacketFilter/WhiteShark/fpga-drive-aximm-pcie/Vivado/pz_7z030_pcie/pz_7z030_pcie.gen/sources_1/bd/pz_7z030_pcie/ipshared/3d13/hdl/axi_dwidth_converter_v2_1_vlsyn_rfs.v:14462]
INFO: [Synth 8-6157] synthesizing module 'axi_dwidth_converter_v2_1_24_axi_upsizer' [/home/bharathwaj/Research/fpgaStuff/xilinx/openWifiPacketFilter/WhiteShark/fpga-drive-aximm-pcie/Vivado/pz_7z030_pcie/pz_7z030_pcie.gen/sources_1/bd/pz_7z030_pcie/ipshared/3d13/hdl/axi_dwidth_converter_v2_1_vlsyn_rfs.v:7038]
INFO: [Synth 8-6157] synthesizing module 'axi_dwidth_converter_v2_1_24_w_upsizer' [/home/bharathwaj/Research/fpgaStuff/xilinx/openWifiPacketFilter/WhiteShark/fpga-drive-aximm-pcie/Vivado/pz_7z030_pcie/pz_7z030_pcie.gen/sources_1/bd/pz_7z030_pcie/ipshared/3d13/hdl/axi_dwidth_converter_v2_1_vlsyn_rfs.v:5563]
INFO: [Synth 8-6155] done synthesizing module 'axi_dwidth_converter_v2_1_24_w_upsizer' (1#1) [/home/bharathwaj/Research/fpgaStuff/xilinx/openWifiPacketFilter/WhiteShark/fpga-drive-aximm-pcie/Vivado/pz_7z030_pcie/pz_7z030_pcie.gen/sources_1/bd/pz_7z030_pcie/ipshared/3d13/hdl/axi_dwidth_converter_v2_1_vlsyn_rfs.v:5563]
INFO: [Synth 8-6157] synthesizing module 'axi_dwidth_converter_v2_1_24_a_upsizer' [/home/bharathwaj/Research/fpgaStuff/xilinx/openWifiPacketFilter/WhiteShark/fpga-drive-aximm-pcie/Vivado/pz_7z030_pcie/pz_7z030_pcie.gen/sources_1/bd/pz_7z030_pcie/ipshared/3d13/hdl/axi_dwidth_converter_v2_1_vlsyn_rfs.v:3603]
INFO: [Synth 8-6157] synthesizing module 'generic_baseblocks_v2_1_0_command_fifo' [/home/bharathwaj/Research/fpgaStuff/xilinx/openWifiPacketFilter/WhiteShark/fpga-drive-aximm-pcie/Vivado/pz_7z030_pcie/pz_7z030_pcie.gen/sources_1/bd/pz_7z030_pcie/ipshared/b752/hdl/generic_baseblocks_v2_1_vl_rfs.v:655]
INFO: [Synth 8-6155] done synthesizing module 'generic_baseblocks_v2_1_0_command_fifo' (2#1) [/home/bharathwaj/Research/fpgaStuff/xilinx/openWifiPacketFilter/WhiteShark/fpga-drive-aximm-pcie/Vivado/pz_7z030_pcie/pz_7z030_pcie.gen/sources_1/bd/pz_7z030_pcie/ipshared/b752/hdl/generic_baseblocks_v2_1_vl_rfs.v:655]
INFO: [Synth 8-6157] synthesizing module 'generic_baseblocks_v2_1_0_command_fifo__parameterized0' [/home/bharathwaj/Research/fpgaStuff/xilinx/openWifiPacketFilter/WhiteShark/fpga-drive-aximm-pcie/Vivado/pz_7z030_pcie/pz_7z030_pcie.gen/sources_1/bd/pz_7z030_pcie/ipshared/b752/hdl/generic_baseblocks_v2_1_vl_rfs.v:655]
INFO: [Synth 8-6155] done synthesizing module 'generic_baseblocks_v2_1_0_command_fifo__parameterized0' (2#1) [/home/bharathwaj/Research/fpgaStuff/xilinx/openWifiPacketFilter/WhiteShark/fpga-drive-aximm-pcie/Vivado/pz_7z030_pcie/pz_7z030_pcie.gen/sources_1/bd/pz_7z030_pcie/ipshared/b752/hdl/generic_baseblocks_v2_1_vl_rfs.v:655]
INFO: [Synth 8-6155] done synthesizing module 'axi_dwidth_converter_v2_1_24_a_upsizer' (3#1) [/home/bharathwaj/Research/fpgaStuff/xilinx/openWifiPacketFilter/WhiteShark/fpga-drive-aximm-pcie/Vivado/pz_7z030_pcie/pz_7z030_pcie.gen/sources_1/bd/pz_7z030_pcie/ipshared/3d13/hdl/axi_dwidth_converter_v2_1_vlsyn_rfs.v:3603]
INFO: [Synth 8-6157] synthesizing module 'axi_dwidth_converter_v2_1_24_r_upsizer' [/home/bharathwaj/Research/fpgaStuff/xilinx/openWifiPacketFilter/WhiteShark/fpga-drive-aximm-pcie/Vivado/pz_7z030_pcie/pz_7z030_pcie.gen/sources_1/bd/pz_7z030_pcie/ipshared/3d13/hdl/axi_dwidth_converter_v2_1_vlsyn_rfs.v:4653]
INFO: [Synth 8-6155] done synthesizing module 'axi_dwidth_converter_v2_1_24_r_upsizer' (4#1) [/home/bharathwaj/Research/fpgaStuff/xilinx/openWifiPacketFilter/WhiteShark/fpga-drive-aximm-pcie/Vivado/pz_7z030_pcie/pz_7z030_pcie.gen/sources_1/bd/pz_7z030_pcie/ipshared/3d13/hdl/axi_dwidth_converter_v2_1_vlsyn_rfs.v:4653]
INFO: [Synth 8-6157] synthesizing module 'axi_register_slice_v2_1_24_axi_register_slice' [/home/bharathwaj/Research/fpgaStuff/xilinx/openWifiPacketFilter/WhiteShark/fpga-drive-aximm-pcie/Vivado/pz_7z030_pcie/pz_7z030_pcie.gen/sources_1/bd/pz_7z030_pcie/ipshared/8f68/hdl/axi_register_slice_v2_1_vl_rfs.v:3726]
INFO: [Synth 8-6157] synthesizing module 'axi_infrastructure_v1_1_0_axi2vector' [/home/bharathwaj/Research/fpgaStuff/xilinx/openWifiPacketFilter/WhiteShark/fpga-drive-aximm-pcie/Vivado/pz_7z030_pcie/pz_7z030_pcie.gen/sources_1/bd/pz_7z030_pcie/ipshared/ec67/hdl/axi_infrastructure_v1_1_vl_rfs.v:60]
INFO: [Synth 8-6155] done synthesizing module 'axi_infrastructure_v1_1_0_axi2vector' (5#1) [/home/bharathwaj/Research/fpgaStuff/xilinx/openWifiPacketFilter/WhiteShark/fpga-drive-aximm-pcie/Vivado/pz_7z030_pcie/pz_7z030_pcie.gen/sources_1/bd/pz_7z030_pcie/ipshared/ec67/hdl/axi_infrastructure_v1_1_vl_rfs.v:60]
INFO: [Synth 8-6157] synthesizing module 'axi_infrastructure_v1_1_0_vector2axi' [/home/bharathwaj/Research/fpgaStuff/xilinx/openWifiPacketFilter/WhiteShark/fpga-drive-aximm-pcie/Vivado/pz_7z030_pcie/pz_7z030_pcie.gen/sources_1/bd/pz_7z030_pcie/ipshared/ec67/hdl/axi_infrastructure_v1_1_vl_rfs.v:474]
INFO: [Synth 8-6155] done synthesizing module 'axi_infrastructure_v1_1_0_vector2axi' (6#1) [/home/bharathwaj/Research/fpgaStuff/xilinx/openWifiPacketFilter/WhiteShark/fpga-drive-aximm-pcie/Vivado/pz_7z030_pcie/pz_7z030_pcie.gen/sources_1/bd/pz_7z030_pcie/ipshared/ec67/hdl/axi_infrastructure_v1_1_vl_rfs.v:474]
INFO: [Synth 8-6157] synthesizing module 'axi_register_slice_v2_1_24_axic_register_slice' [/home/bharathwaj/Research/fpgaStuff/xilinx/openWifiPacketFilter/WhiteShark/fpga-drive-aximm-pcie/Vivado/pz_7z030_pcie/pz_7z030_pcie.gen/sources_1/bd/pz_7z030_pcie/ipshared/8f68/hdl/axi_register_slice_v2_1_vl_rfs.v:1498]
INFO: [Synth 8-6155] done synthesizing module 'axi_register_slice_v2_1_24_axic_register_slice' (7#1) [/home/bharathwaj/Research/fpgaStuff/xilinx/openWifiPacketFilter/WhiteShark/fpga-drive-aximm-pcie/Vivado/pz_7z030_pcie/pz_7z030_pcie.gen/sources_1/bd/pz_7z030_pcie/ipshared/8f68/hdl/axi_register_slice_v2_1_vl_rfs.v:1498]
INFO: [Synth 8-6157] synthesizing module 'axi_register_slice_v2_1_24_axic_register_slice__parameterized0' [/home/bharathwaj/Research/fpgaStuff/xilinx/openWifiPacketFilter/WhiteShark/fpga-drive-aximm-pcie/Vivado/pz_7z030_pcie/pz_7z030_pcie.gen/sources_1/bd/pz_7z030_pcie/ipshared/8f68/hdl/axi_register_slice_v2_1_vl_rfs.v:1498]
INFO: [Synth 8-6155] done synthesizing module 'axi_register_slice_v2_1_24_axic_register_slice__parameterized0' (7#1) [/home/bharathwaj/Research/fpgaStuff/xilinx/openWifiPacketFilter/WhiteShark/fpga-drive-aximm-pcie/Vivado/pz_7z030_pcie/pz_7z030_pcie.gen/sources_1/bd/pz_7z030_pcie/ipshared/8f68/hdl/axi_register_slice_v2_1_vl_rfs.v:1498]
INFO: [Synth 8-6157] synthesizing module 'axi_register_slice_v2_1_24_axic_register_slice__parameterized1' [/home/bharathwaj/Research/fpgaStuff/xilinx/openWifiPacketFilter/WhiteShark/fpga-drive-aximm-pcie/Vivado/pz_7z030_pcie/pz_7z030_pcie.gen/sources_1/bd/pz_7z030_pcie/ipshared/8f68/hdl/axi_register_slice_v2_1_vl_rfs.v:1498]
INFO: [Synth 8-6155] done synthesizing module 'axi_register_slice_v2_1_24_axic_register_slice__parameterized1' (7#1) [/home/bharathwaj/Research/fpgaStuff/xilinx/openWifiPacketFilter/WhiteShark/fpga-drive-aximm-pcie/Vivado/pz_7z030_pcie/pz_7z030_pcie.gen/sources_1/bd/pz_7z030_pcie/ipshared/8f68/hdl/axi_register_slice_v2_1_vl_rfs.v:1498]
INFO: [Synth 8-6157] synthesizing module 'axi_register_slice_v2_1_24_axic_register_slice__parameterized2' [/home/bharathwaj/Research/fpgaStuff/xilinx/openWifiPacketFilter/WhiteShark/fpga-drive-aximm-pcie/Vivado/pz_7z030_pcie/pz_7z030_pcie.gen/sources_1/bd/pz_7z030_pcie/ipshared/8f68/hdl/axi_register_slice_v2_1_vl_rfs.v:1498]
INFO: [Synth 8-6155] done synthesizing module 'axi_register_slice_v2_1_24_axic_register_slice__parameterized2' (7#1) [/home/bharathwaj/Research/fpgaStuff/xilinx/openWifiPacketFilter/WhiteShark/fpga-drive-aximm-pcie/Vivado/pz_7z030_pcie/pz_7z030_pcie.gen/sources_1/bd/pz_7z030_pcie/ipshared/8f68/hdl/axi_register_slice_v2_1_vl_rfs.v:1498]
INFO: [Synth 8-6155] done synthesizing module 'axi_register_slice_v2_1_24_axi_register_slice' (8#1) [/home/bharathwaj/Research/fpgaStuff/xilinx/openWifiPacketFilter/WhiteShark/fpga-drive-aximm-pcie/Vivado/pz_7z030_pcie/pz_7z030_pcie.gen/sources_1/bd/pz_7z030_pcie/ipshared/8f68/hdl/axi_register_slice_v2_1_vl_rfs.v:3726]
WARNING: [Synth 8-7071] port 'aclk2x' of module 'axi_register_slice_v2_1_24_axi_register_slice' is unconnected for instance 'mi_register_slice_inst' [/home/bharathwaj/Research/fpgaStuff/xilinx/openWifiPacketFilter/WhiteShark/fpga-drive-aximm-pcie/Vivado/pz_7z030_pcie/pz_7z030_pcie.gen/sources_1/bd/pz_7z030_pcie/ipshared/3d13/hdl/axi_dwidth_converter_v2_1_vlsyn_rfs.v:8475]
WARNING: [Synth 8-7023] instance 'mi_register_slice_inst' of module 'axi_register_slice_v2_1_24_axi_register_slice' has 93 connections declared, but only 92 given [/home/bharathwaj/Research/fpgaStuff/xilinx/openWifiPacketFilter/WhiteShark/fpga-drive-aximm-pcie/Vivado/pz_7z030_pcie/pz_7z030_pcie.gen/sources_1/bd/pz_7z030_pcie/ipshared/3d13/hdl/axi_dwidth_converter_v2_1_vlsyn_rfs.v:8475]
INFO: [Synth 8-6157] synthesizing module 'axi_dwidth_converter_v2_1_24_a_upsizer__parameterized0' [/home/bharathwaj/Research/fpgaStuff/xilinx/openWifiPacketFilter/WhiteShark/fpga-drive-aximm-pcie/Vivado/pz_7z030_pcie/pz_7z030_pcie.gen/sources_1/bd/pz_7z030_pcie/ipshared/3d13/hdl/axi_dwidth_converter_v2_1_vlsyn_rfs.v:3603]
INFO: [Synth 8-6155] done synthesizing module 'axi_dwidth_converter_v2_1_24_a_upsizer__parameterized0' (8#1) [/home/bharathwaj/Research/fpgaStuff/xilinx/openWifiPacketFilter/WhiteShark/fpga-drive-aximm-pcie/Vivado/pz_7z030_pcie/pz_7z030_pcie.gen/sources_1/bd/pz_7z030_pcie/ipshared/3d13/hdl/axi_dwidth_converter_v2_1_vlsyn_rfs.v:3603]
INFO: [Synth 8-6157] synthesizing module 'axi_register_slice_v2_1_24_axi_register_slice__parameterized0' [/home/bharathwaj/Research/fpgaStuff/xilinx/openWifiPacketFilter/WhiteShark/fpga-drive-aximm-pcie/Vivado/pz_7z030_pcie/pz_7z030_pcie.gen/sources_1/bd/pz_7z030_pcie/ipshared/8f68/hdl/axi_register_slice_v2_1_vl_rfs.v:3726]
INFO: [Synth 8-6157] synthesizing module 'axi_infrastructure_v1_1_0_axi2vector__parameterized0' [/home/bharathwaj/Research/fpgaStuff/xilinx/openWifiPacketFilter/WhiteShark/fpga-drive-aximm-pcie/Vivado/pz_7z030_pcie/pz_7z030_pcie.gen/sources_1/bd/pz_7z030_pcie/ipshared/ec67/hdl/axi_infrastructure_v1_1_vl_rfs.v:60]
INFO: [Synth 8-6155] done synthesizing module 'axi_infrastructure_v1_1_0_axi2vector__parameterized0' (8#1) [/home/bharathwaj/Research/fpgaStuff/xilinx/openWifiPacketFilter/WhiteShark/fpga-drive-aximm-pcie/Vivado/pz_7z030_pcie/pz_7z030_pcie.gen/sources_1/bd/pz_7z030_pcie/ipshared/ec67/hdl/axi_infrastructure_v1_1_vl_rfs.v:60]
INFO: [Synth 8-6157] synthesizing module 'axi_infrastructure_v1_1_0_vector2axi__parameterized0' [/home/bharathwaj/Research/fpgaStuff/xilinx/openWifiPacketFilter/WhiteShark/fpga-drive-aximm-pcie/Vivado/pz_7z030_pcie/pz_7z030_pcie.gen/sources_1/bd/pz_7z030_pcie/ipshared/ec67/hdl/axi_infrastructure_v1_1_vl_rfs.v:474]
INFO: [Synth 8-6155] done synthesizing module 'axi_infrastructure_v1_1_0_vector2axi__parameterized0' (8#1) [/home/bharathwaj/Research/fpgaStuff/xilinx/openWifiPacketFilter/WhiteShark/fpga-drive-aximm-pcie/Vivado/pz_7z030_pcie/pz_7z030_pcie.gen/sources_1/bd/pz_7z030_pcie/ipshared/ec67/hdl/axi_infrastructure_v1_1_vl_rfs.v:474]
INFO: [Synth 8-6157] synthesizing module 'axi_register_slice_v2_1_24_axic_register_slice__parameterized3' [/home/bharathwaj/Research/fpgaStuff/xilinx/openWifiPacketFilter/WhiteShark/fpga-drive-aximm-pcie/Vivado/pz_7z030_pcie/pz_7z030_pcie.gen/sources_1/bd/pz_7z030_pcie/ipshared/8f68/hdl/axi_register_slice_v2_1_vl_rfs.v:1498]
INFO: [Synth 8-6155] done synthesizing module 'axi_register_slice_v2_1_24_axic_register_slice__parameterized3' (8#1) [/home/bharathwaj/Research/fpgaStuff/xilinx/openWifiPacketFilter/WhiteShark/fpga-drive-aximm-pcie/Vivado/pz_7z030_pcie/pz_7z030_pcie.gen/sources_1/bd/pz_7z030_pcie/ipshared/8f68/hdl/axi_register_slice_v2_1_vl_rfs.v:1498]
INFO: [Synth 8-6157] synthesizing module 'axi_register_slice_v2_1_24_axic_register_slice__parameterized4' [/home/bharathwaj/Research/fpgaStuff/xilinx/openWifiPacketFilter/WhiteShark/fpga-drive-aximm-pcie/Vivado/pz_7z030_pcie/pz_7z030_pcie.gen/sources_1/bd/pz_7z030_pcie/ipshared/8f68/hdl/axi_register_slice_v2_1_vl_rfs.v:1498]
INFO: [Synth 8-6155] done synthesizing module 'axi_register_slice_v2_1_24_axic_register_slice__parameterized4' (8#1) [/home/bharathwaj/Research/fpgaStuff/xilinx/openWifiPacketFilter/WhiteShark/fpga-drive-aximm-pcie/Vivado/pz_7z030_pcie/pz_7z030_pcie.gen/sources_1/bd/pz_7z030_pcie/ipshared/8f68/hdl/axi_register_slice_v2_1_vl_rfs.v:1498]
INFO: [Synth 8-6157] synthesizing module 'axi_register_slice_v2_1_24_axic_register_slice__parameterized5' [/home/bharathwaj/Research/fpgaStuff/xilinx/openWifiPacketFilter/WhiteShark/fpga-drive-aximm-pcie/Vivado/pz_7z030_pcie/pz_7z030_pcie.gen/sources_1/bd/pz_7z030_pcie/ipshared/8f68/hdl/axi_register_slice_v2_1_vl_rfs.v:1498]
INFO: [Synth 8-6155] done synthesizing module 'axi_register_slice_v2_1_24_axic_register_slice__parameterized5' (8#1) [/home/bharathwaj/Research/fpgaStuff/xilinx/openWifiPacketFilter/WhiteShark/fpga-drive-aximm-pcie/Vivado/pz_7z030_pcie/pz_7z030_pcie.gen/sources_1/bd/pz_7z030_pcie/ipshared/8f68/hdl/axi_register_slice_v2_1_vl_rfs.v:1498]
INFO: [Synth 8-6157] synthesizing module 'axi_register_slice_v2_1_24_axic_register_slice__parameterized6' [/home/bharathwaj/Research/fpgaStuff/xilinx/openWifiPacketFilter/WhiteShark/fpga-drive-aximm-pcie/Vivado/pz_7z030_pcie/pz_7z030_pcie.gen/sources_1/bd/pz_7z030_pcie/ipshared/8f68/hdl/axi_register_slice_v2_1_vl_rfs.v:1498]
INFO: [Synth 8-6155] done synthesizing module 'axi_register_slice_v2_1_24_axic_register_slice__parameterized6' (8#1) [/home/bharathwaj/Research/fpgaStuff/xilinx/openWifiPacketFilter/WhiteShark/fpga-drive-aximm-pcie/Vivado/pz_7z030_pcie/pz_7z030_pcie.gen/sources_1/bd/pz_7z030_pcie/ipshared/8f68/hdl/axi_register_slice_v2_1_vl_rfs.v:1498]
INFO: [Synth 8-6155] done synthesizing module 'axi_register_slice_v2_1_24_axi_register_slice__parameterized0' (8#1) [/home/bharathwaj/Research/fpgaStuff/xilinx/openWifiPacketFilter/WhiteShark/fpga-drive-aximm-pcie/Vivado/pz_7z030_pcie/pz_7z030_pcie.gen/sources_1/bd/pz_7z030_pcie/ipshared/8f68/hdl/axi_register_slice_v2_1_vl_rfs.v:3726]
WARNING: [Synth 8-7071] port 'aclk2x' of module 'axi_register_slice_v2_1_24_axi_register_slice' is unconnected for instance 'si_register_slice_inst' [/home/bharathwaj/Research/fpgaStuff/xilinx/openWifiPacketFilter/WhiteShark/fpga-drive-aximm-pcie/Vivado/pz_7z030_pcie/pz_7z030_pcie.gen/sources_1/bd/pz_7z030_pcie/ipshared/3d13/hdl/axi_dwidth_converter_v2_1_vlsyn_rfs.v:7379]
WARNING: [Synth 8-7023] instance 'si_register_slice_inst' of module 'axi_register_slice_v2_1_24_axi_register_slice' has 93 connections declared, but only 92 given [/home/bharathwaj/Research/fpgaStuff/xilinx/openWifiPacketFilter/WhiteShark/fpga-drive-aximm-pcie/Vivado/pz_7z030_pcie/pz_7z030_pcie.gen/sources_1/bd/pz_7z030_pcie/ipshared/3d13/hdl/axi_dwidth_converter_v2_1_vlsyn_rfs.v:7379]
INFO: [Synth 8-6155] done synthesizing module 'axi_dwidth_converter_v2_1_24_axi_upsizer' (9#1) [/home/bharathwaj/Research/fpgaStuff/xilinx/openWifiPacketFilter/WhiteShark/fpga-drive-aximm-pcie/Vivado/pz_7z030_pcie/pz_7z030_pcie.gen/sources_1/bd/pz_7z030_pcie/ipshared/3d13/hdl/axi_dwidth_converter_v2_1_vlsyn_rfs.v:7038]
INFO: [Synth 8-6155] done synthesizing module 'axi_dwidth_converter_v2_1_24_top' (10#1) [/home/bharathwaj/Research/fpgaStuff/xilinx/openWifiPacketFilter/WhiteShark/fpga-drive-aximm-pcie/Vivado/pz_7z030_pcie/pz_7z030_pcie.gen/sources_1/bd/pz_7z030_pcie/ipshared/3d13/hdl/axi_dwidth_converter_v2_1_vlsyn_rfs.v:14462]
INFO: [Synth 8-6155] done synthesizing module 'pz_7z030_pcie_auto_us_0' (11#1) [/home/bharathwaj/Research/fpgaStuff/xilinx/openWifiPacketFilter/WhiteShark/fpga-drive-aximm-pcie/Vivado/pz_7z030_pcie/pz_7z030_pcie.gen/sources_1/bd/pz_7z030_pcie/ip/pz_7z030_pcie_auto_us_0/synth/pz_7z030_pcie_auto_us_0.v:58]
---------------------------------------------------------------------------------
Finished RTL Elaboration : Time (s): cpu = 00:00:12 ; elapsed = 00:00:14 . Memory (MB): peak = 2455.047 ; gain = 0.000 ; free physical = 2920 ; free virtual = 12698
---------------------------------------------------------------------------------
---------------------------------------------------------------------------------
Start Handling Custom Attributes
---------------------------------------------------------------------------------
---------------------------------------------------------------------------------
Finished Handling Custom Attributes : Time (s): cpu = 00:00:13 ; elapsed = 00:00:15 . Memory (MB): peak = 2455.047 ; gain = 0.000 ; free physical = 2835 ; free virtual = 12613
---------------------------------------------------------------------------------
---------------------------------------------------------------------------------
Finished RTL Optimization Phase 1 : Time (s): cpu = 00:00:13 ; elapsed = 00:00:15 . Memory (MB): peak = 2455.047 ; gain = 0.000 ; free physical = 2835 ; free virtual = 12613
---------------------------------------------------------------------------------
Netlist sorting complete. Time (s): cpu = 00:00:00.05 ; elapsed = 00:00:00.06 . Memory (MB): peak = 2455.047 ; gain = 0.000 ; free physical = 2795 ; free virtual = 12573
INFO: [Project 1-570] Preparing netlist for logic optimization

Processing XDC Constraints
Initializing timing engine
Parsing XDC File [/home/bharathwaj/Research/fpgaStuff/xilinx/openWifiPacketFilter/WhiteShark/fpga-drive-aximm-pcie/Vivado/pz_7z030_pcie/pz_7z030_pcie.gen/sources_1/bd/pz_7z030_pcie/ip/pz_7z030_pcie_auto_us_0/pz_7z030_pcie_auto_us_0_ooc.xdc] for cell 'inst'
Finished Parsing XDC File [/home/bharathwaj/Research/fpgaStuff/xilinx/openWifiPacketFilter/WhiteShark/fpga-drive-aximm-pcie/Vivado/pz_7z030_pcie/pz_7z030_pcie.gen/sources_1/bd/pz_7z030_pcie/ip/pz_7z030_pcie_auto_us_0/pz_7z030_pcie_auto_us_0_ooc.xdc] for cell 'inst'
Parsing XDC File [/home/bharathwaj/Research/fpgaStuff/xilinx/openWifiPacketFilter/WhiteShark/fpga-drive-aximm-pcie/Vivado/pz_7z030_pcie/pz_7z030_pcie.runs/pz_7z030_pcie_auto_us_0_synth_1/dont_touch.xdc]
Finished Parsing XDC File [/home/bharathwaj/Research/fpgaStuff/xilinx/openWifiPacketFilter/WhiteShark/fpga-drive-aximm-pcie/Vivado/pz_7z030_pcie/pz_7z030_pcie.runs/pz_7z030_pcie_auto_us_0_synth_1/dont_touch.xdc]
Completed Processing XDC Constraints

Netlist sorting complete. Time (s): cpu = 00:00:00 ; elapsed = 00:00:00 . Memory (MB): peak = 2548.820 ; gain = 0.000 ; free physical = 1808 ; free virtual = 11587
INFO: [Project 1-111] Unisim Transformation Summary:
No Unisim elements were transformed.

Constraint Validation Runtime : Time (s): cpu = 00:00:00.14 ; elapsed = 00:00:00.10 . Memory (MB): peak = 2548.820 ; gain = 0.000 ; free physical = 1816 ; free virtual = 11595
---------------------------------------------------------------------------------
Finished Constraint Validation : Time (s): cpu = 00:00:19 ; elapsed = 00:00:22 . Memory (MB): peak = 2548.820 ; gain = 93.773 ; free physical = 2445 ; free virtual = 12224
---------------------------------------------------------------------------------
---------------------------------------------------------------------------------
Start Loading Part and Timing Information
---------------------------------------------------------------------------------
Loading part: xc7z030sbg485-1
---------------------------------------------------------------------------------
Finished Loading Part and Timing Information : Time (s): cpu = 00:00:19 ; elapsed = 00:00:22 . Memory (MB): peak = 2548.820 ; gain = 93.773 ; free physical = 2445 ; free virtual = 12224
---------------------------------------------------------------------------------
---------------------------------------------------------------------------------
Start Applying 'set_property' XDC Constraints
---------------------------------------------------------------------------------
Applied set_property KEEP_HIERARCHY = SOFT for inst. (constraint file  /home/bharathwaj/Research/fpgaStuff/xilinx/openWifiPacketFilter/WhiteShark/fpga-drive-aximm-pcie/Vivado/pz_7z030_pcie/pz_7z030_pcie.runs/pz_7z030_pcie_auto_us_0_synth_1/dont_touch.xdc, line 9).
---------------------------------------------------------------------------------
Finished applying 'set_property' XDC Constraints : Time (s): cpu = 00:00:19 ; elapsed = 00:00:22 . Memory (MB): peak = 2548.820 ; gain = 93.773 ; free physical = 2445 ; free virtual = 12224
---------------------------------------------------------------------------------
---------------------------------------------------------------------------------
Finished RTL Optimization Phase 2 : Time (s): cpu = 00:00:20 ; elapsed = 00:00:23 . Memory (MB): peak = 2548.820 ; gain = 93.773 ; free physical = 2422 ; free virtual = 12203
---------------------------------------------------------------------------------
---------------------------------------------------------------------------------
Start RTL Component Statistics 
---------------------------------------------------------------------------------
Detailed RTL Component Info : 
+---Adders : 
	   2 Input    8 Bit       Adders := 4     
	   2 Input    6 Bit       Adders := 1     
	   2 Input    5 Bit       Adders := 4     
	   2 Input    4 Bit       Adders := 2     
	   2 Input    3 Bit       Adders := 4     
+---Registers : 
	               73 Bit    Registers := 4     
	               68 Bit    Registers := 2     
	               64 Bit    Registers := 1     
	               62 Bit    Registers := 2     
	               47 Bit    Registers := 2     
	               37 Bit    Registers := 2     
	               30 Bit    Registers := 2     
	               14 Bit    Registers := 1     
	               12 Bit    Registers := 2     
	                8 Bit    Registers := 18    
	                5 Bit    Registers := 4     
	                3 Bit    Registers := 5     
	                2 Bit    Registers := 11    
	                1 Bit    Registers := 59    
+---Muxes : 
	   2 Input   73 Bit        Muxes := 2     
	   2 Input   68 Bit        Muxes := 2     
	   2 Input   47 Bit        Muxes := 2     
	   2 Input   37 Bit        Muxes := 2     
	   2 Input   32 Bit        Muxes := 9     
	   2 Input    8 Bit        Muxes := 22    
	   8 Input    8 Bit        Muxes := 4     
	   2 Input    3 Bit        Muxes := 11    
	   8 Input    3 Bit        Muxes := 6     
	   2 Input    2 Bit        Muxes := 9     
	   2 Input    1 Bit        Muxes := 61    
---------------------------------------------------------------------------------
Finished RTL Component Statistics 
---------------------------------------------------------------------------------
---------------------------------------------------------------------------------
Start Part Resource Summary
---------------------------------------------------------------------------------
Part Resources:
DSPs: 400 (col length:80)
BRAMs: 530 (col length: RAMB18 80 RAMB36 40)
---------------------------------------------------------------------------------
Finished Part Resource Summary
---------------------------------------------------------------------------------
---------------------------------------------------------------------------------
Start Cross Boundary and Area Optimization
---------------------------------------------------------------------------------
---------------------------------------------------------------------------------
Finished Cross Boundary and Area Optimization : Time (s): cpu = 00:00:26 ; elapsed = 00:00:30 . Memory (MB): peak = 2548.820 ; gain = 93.773 ; free physical = 2971 ; free virtual = 12837
---------------------------------------------------------------------------------
---------------------------------------------------------------------------------
Start Applying XDC Timing Constraints
---------------------------------------------------------------------------------
---------------------------------------------------------------------------------
Finished Applying XDC Timing Constraints : Time (s): cpu = 00:00:33 ; elapsed = 00:00:36 . Memory (MB): peak = 2548.820 ; gain = 93.773 ; free physical = 2813 ; free virtual = 12618
---------------------------------------------------------------------------------
---------------------------------------------------------------------------------
Start Timing Optimization
---------------------------------------------------------------------------------
---------------------------------------------------------------------------------
Finished Timing Optimization : Time (s): cpu = 00:00:34 ; elapsed = 00:00:37 . Memory (MB): peak = 2548.820 ; gain = 93.773 ; free physical = 2787 ; free virtual = 12593
---------------------------------------------------------------------------------
---------------------------------------------------------------------------------
Start Technology Mapping
---------------------------------------------------------------------------------
---------------------------------------------------------------------------------
Finished Technology Mapping : Time (s): cpu = 00:00:35 ; elapsed = 00:00:39 . Memory (MB): peak = 2548.820 ; gain = 93.773 ; free physical = 2767 ; free virtual = 12572
---------------------------------------------------------------------------------
---------------------------------------------------------------------------------
Start IO Insertion
---------------------------------------------------------------------------------
---------------------------------------------------------------------------------
Start Flattening Before IO Insertion
---------------------------------------------------------------------------------
---------------------------------------------------------------------------------
Finished Flattening Before IO Insertion
---------------------------------------------------------------------------------
---------------------------------------------------------------------------------
Start Final Netlist Cleanup
---------------------------------------------------------------------------------
---------------------------------------------------------------------------------
Finished Final Netlist Cleanup
---------------------------------------------------------------------------------
---------------------------------------------------------------------------------
Finished IO Insertion : Time (s): cpu = 00:00:40 ; elapsed = 00:00:46 . Memory (MB): peak = 2548.820 ; gain = 93.773 ; free physical = 2202 ; free virtual = 12007
---------------------------------------------------------------------------------
---------------------------------------------------------------------------------
Start Renaming Generated Instances
---------------------------------------------------------------------------------
---------------------------------------------------------------------------------
Finished Renaming Generated Instances : Time (s): cpu = 00:00:40 ; elapsed = 00:00:46 . Memory (MB): peak = 2548.820 ; gain = 93.773 ; free physical = 2194 ; free virtual = 11999
---------------------------------------------------------------------------------
---------------------------------------------------------------------------------
Start Rebuilding User Hierarchy
---------------------------------------------------------------------------------
---------------------------------------------------------------------------------
Finished Rebuilding User Hierarchy : Time (s): cpu = 00:00:40 ; elapsed = 00:00:46 . Memory (MB): peak = 2548.820 ; gain = 93.773 ; free physical = 2094 ; free virtual = 11899
---------------------------------------------------------------------------------
---------------------------------------------------------------------------------
Start Renaming Generated Ports
---------------------------------------------------------------------------------
---------------------------------------------------------------------------------
Finished Renaming Generated Ports : Time (s): cpu = 00:00:40 ; elapsed = 00:00:46 . Memory (MB): peak = 2548.820 ; gain = 93.773 ; free physical = 2094 ; free virtual = 11899
---------------------------------------------------------------------------------
---------------------------------------------------------------------------------
Start Handling Custom Attributes
---------------------------------------------------------------------------------
---------------------------------------------------------------------------------
Finished Handling Custom Attributes : Time (s): cpu = 00:00:40 ; elapsed = 00:00:46 . Memory (MB): peak = 2548.820 ; gain = 93.773 ; free physical = 2082 ; free virtual = 11887
---------------------------------------------------------------------------------
---------------------------------------------------------------------------------
Start Renaming Generated Nets
---------------------------------------------------------------------------------
---------------------------------------------------------------------------------
Finished Renaming Generated Nets : Time (s): cpu = 00:00:40 ; elapsed = 00:00:46 . Memory (MB): peak = 2548.820 ; gain = 93.773 ; free physical = 2072 ; free virtual = 11877
---------------------------------------------------------------------------------
---------------------------------------------------------------------------------
Start ROM, RAM, DSP, Shift Register and Retiming Reporting
---------------------------------------------------------------------------------

Dynamic Shift Register Report:
+------------+-------------------------------+--------+------------+--------+---------+--------+--------+--------+
|Module Name | RTL Name                      | Length | Data Width | SRL16E | SRLC32E | Mux F7 | Mux F8 | Mux F9 | 
+------------+-------------------------------+--------+------------+--------+---------+--------+--------+--------+
|dsrl        | USE_RTL_FIFO.data_srl_reg[31] | 12     | 12         | 0      | 12      | 0      | 0      | 0      | 
|dsrl__1     | USE_RTL_FIFO.data_srl_reg[31] | 30     | 30         | 0      | 30      | 0      | 0      | 0      | 
|dsrl__4     | USE_RTL_FIFO.data_srl_reg[31] | 30     | 30         | 0      | 30      | 0      | 0      | 0      | 
+------------+-------------------------------+--------+------------+--------+---------+--------+--------+--------+

---------------------------------------------------------------------------------
Finished ROM, RAM, DSP, Shift Register and Retiming Reporting
---------------------------------------------------------------------------------
---------------------------------------------------------------------------------
Start Writing Synthesis Report
---------------------------------------------------------------------------------

Report BlackBoxes: 
+-+--------------+----------+
| |BlackBox name |Instances |
+-+--------------+----------+
+-+--------------+----------+

Report Cell Usage: 
+------+--------+------+
|      |Cell    |Count |
+------+--------+------+
|1     |LUT1    |     5|
|2     |LUT2    |    23|
|3     |LUT3    |   106|
|4     |LUT4    |    55|
|5     |LUT5    |   137|
|6     |LUT6    |   217|
|7     |SRLC32E |    80|
|8     |FDRE    |   645|
|9     |FDSE    |     4|
+------+--------+------+
---------------------------------------------------------------------------------
Finished Writing Synthesis Report : Time (s): cpu = 00:00:40 ; elapsed = 00:00:46 . Memory (MB): peak = 2548.820 ; gain = 93.773 ; free physical = 2072 ; free virtual = 11877
---------------------------------------------------------------------------------
Synthesis finished with 0 errors, 0 critical warnings and 0 warnings.
Synthesis Optimization Runtime : Time (s): cpu = 00:00:37 ; elapsed = 00:00:43 . Memory (MB): peak = 2548.820 ; gain = 0.000 ; free physical = 2018 ; free virtual = 11823
Synthesis Optimization Complete : Time (s): cpu = 00:00:40 ; elapsed = 00:00:46 . Memory (MB): peak = 2548.820 ; gain = 93.773 ; free physical = 2018 ; free virtual = 11823
INFO: [Project 1-571] Translating synthesized netlist
Netlist sorting complete. Time (s): cpu = 00:00:00.04 ; elapsed = 00:00:00.06 . Memory (MB): peak = 2548.820 ; gain = 0.000 ; free physical = 2004 ; free virtual = 11809
INFO: [Project 1-570] Preparing netlist for logic optimization
INFO: [Opt 31-138] Pushed 0 inverter(s) to 0 load pin(s).
Netlist sorting complete. Time (s): cpu = 00:00:00 ; elapsed = 00:00:00 . Memory (MB): peak = 2548.820 ; gain = 0.000 ; free physical = 1848 ; free virtual = 11654
INFO: [Project 1-111] Unisim Transformation Summary:
No Unisim elements were transformed.

Synth Design complete, checksum: 36fa89e6
INFO: [Common 17-83] Releasing license: Synthesis
58 Infos, 4 Warnings, 0 Critical Warnings and 0 Errors encountered.
synth_design completed successfully
synth_design: Time (s): cpu = 00:00:54 ; elapsed = 00:00:54 . Memory (MB): peak = 2548.820 ; gain = 93.844 ; free physical = 1838 ; free virtual = 11645
INFO: [Common 17-1381] The checkpoint '/home/bharathwaj/Research/fpgaStuff/xilinx/openWifiPacketFilter/WhiteShark/fpga-drive-aximm-pcie/Vivado/pz_7z030_pcie/pz_7z030_pcie.runs/pz_7z030_pcie_auto_us_0_synth_1/pz_7z030_pcie_auto_us_0.dcp' has been generated.
INFO: [Coretcl 2-1648] Added synthesis output to IP cache for IP pz_7z030_pcie_auto_us_0, cache-ID = 033f49d737273ab4
INFO: [Coretcl 2-1174] Renamed 15 cell refs.
INFO: [Common 17-1381] The checkpoint '/home/bharathwaj/Research/fpgaStuff/xilinx/openWifiPacketFilter/WhiteShark/fpga-drive-aximm-pcie/Vivado/pz_7z030_pcie/pz_7z030_pcie.runs/pz_7z030_pcie_auto_us_0_synth_1/pz_7z030_pcie_auto_us_0.dcp' has been generated.
INFO: [runtcl-4] Executing : report_utilization -file pz_7z030_pcie_auto_us_0_utilization_synth.rpt -pb pz_7z030_pcie_auto_us_0_utilization_synth.pb
INFO: [Common 17-206] Exiting Vivado at Wed Nov 13 19:57:17 2024...
