#-----------------------------------------------------------
# Vivado v2021.1 (64-bit)
# SW Build 3247384 on Thu Jun 10 19:36:07 MDT 2021
# IP Build 3246043 on Fri Jun 11 00:30:35 MDT 2021
# Start of session at: Sat Nov 16 08:47:01 2024
# Process ID: 6529
# Current directory: /home/bharathwaj/Research/fpgaStuff/xilinx/softwareDefinedRadio/WhiteShark/fmcomms2_zed
# Command line: vivado
# Log file: /home/bharathwaj/Research/fpgaStuff/xilinx/softwareDefinedRadio/WhiteShark/fmcomms2_zed/vivado.log
# Journal file: /home/bharathwaj/Research/fpgaStuff/xilinx/softwareDefinedRadio/WhiteShark/fmcomms2_zed/vivado.jou
#-----------------------------------------------------------
start_gui
open_project /home/bharathwaj/Research/fpgaStuff/xilinx/softwareDefinedRadio/WhiteShark/fmcomms2_zed/fmcomms2_zed.xpr
Scanning sources...
Finished scanning sources
INFO: [IP_Flow 19-234] Refreshing IP repositories
INFO: [IP_Flow 19-1700] Loaded user IP repository '/home/bharathwaj/Research/fpgaStuff/xilinx/softwareDefinedRadio/WhiteShark/adi_hdl/library'.
INFO: [IP_Flow 19-2313] Loaded Vivado IP repository '/tools/Xilinx/Vivado/2021.1/data/ip'.
INFO: [IP_Flow 19-3899] Cannot get the environment domain name variable for the component vendor name. Setting the vendor name to 'user.org'.
open_project: Time (s): cpu = 00:00:27 ; elapsed = 00:00:26 . Memory (MB): peak = 7576.164 ; gain = 254.598 ; free physical = 12965 ; free virtual = 24612
update_compile_order -fileset sources_1
reset_run synth_1
reset_run system_rom_sys_0_0_synth_1
launch_runs impl_1 -to_step write_bitstream -jobs 4
[Sat Nov 16 08:48:39 2024] Launched system_rom_sys_0_0_synth_1, synth_1...
Run output will be captured here:
system_rom_sys_0_0_synth_1: /home/bharathwaj/Research/fpgaStuff/xilinx/softwareDefinedRadio/WhiteShark/fmcomms2_zed/fmcomms2_zed.runs/system_rom_sys_0_0_synth_1/runme.log
synth_1: /home/bharathwaj/Research/fpgaStuff/xilinx/softwareDefinedRadio/WhiteShark/fmcomms2_zed/fmcomms2_zed.runs/synth_1/runme.log
[Sat Nov 16 08:48:39 2024] Launched impl_1...
Run output will be captured here: /home/bharathwaj/Research/fpgaStuff/xilinx/softwareDefinedRadio/WhiteShark/fmcomms2_zed/fmcomms2_zed.runs/impl_1/runme.log
