#-----------------------------------------------------------
# Vivado v2021.1 (64-bit)
# SW Build 3247384 on Thu Jun 10 19:36:07 MDT 2021
# IP Build 3246043 on Fri Jun 11 00:30:35 MDT 2021
# Start of session at: Sat Nov 16 08:21:56 2024
# Process ID: 1704957
# Current directory: /home/bharathwaj/Research/fpgaStuff/xilinx/softwareDefinedRadio/WhiteShark/fmcomms2_zed
# Command line: vivado
# Log file: /home/bharathwaj/Research/fpgaStuff/xilinx/softwareDefinedRadio/WhiteShark/fmcomms2_zed/vivado.log
# Journal file: /home/bharathwaj/Research/fpgaStuff/xilinx/softwareDefinedRadio/WhiteShark/fmcomms2_zed/vivado.jou
#-----------------------------------------------------------
start_gui
open_project /home/bharathwaj/Research/fpgaStuff/xilinx/softwareDefinedRadio/WhiteShark/fmcomms2_zed/fmcomms2_zed.xpr
WARNING: [filemgmt 56-3] IP Repository Path: Could not find the directory '/home/bharathwaj/Research/fpgaStuff/xilinx/softwareDefinedRadio/WhiteShark/adi_hdl/library'.
WARNING: [filemgmt 56-3] IP Output Repository Path: Could not find the directory '/home/bharathwaj/Research/fpgaStuff/xilinx/softwareDefinedRadio/WhiteShark/adi_hdl/ipcache'.
CRITICAL WARNING: [Project 1-19] Could not find the file '/home/bharathwaj/Research/fpgaStuff/xilinx/softwareDefinedRadio/WhiteShark/adi_hdl/library/common/ad_iobuf.v'.
CRITICAL WARNING: [Project 1-19] Could not find the file '/home/bharathwaj/Research/fpgaStuff/xilinx/softwareDefinedRadio/WhiteShark/adi_hdl/projects/common/zed/zed_system_constr.xdc'.
Scanning sources...
Finished scanning sources
INFO: [IP_Flow 19-234] Refreshing IP repositories
WARNING: [IP_Flow 19-2248] Failed to load user IP repository '/home/bharathwaj/Research/fpgaStuff/xilinx/softwareDefinedRadio/WhiteShark/adi_hdl/library'; Can't find the specified path.
If this directory should no longer be in your list of user repositories, go to the IP Settings dialog and remove it.
INFO: [IP_Flow 19-2313] Loaded Vivado IP repository '/tools/Xilinx/Vivado/2021.1/data/ip'.
WARNING: [BD 41-1661] One or more IPs have been locked in the design 'system.bd'. Please run report_ip_status for more details and recommendations on how to fix this issue.
List of locked IPs:
system_axi_spdif_tx_core_0
system_axi_i2s_adi_0
system_util_ad9361_adc_fifo_0
system_axi_hdmi_dma_0
system_axi_hdmi_core_0
system_sys_i2c_mixer_0
system_axi_ad9361_dac_fifo_0
system_axi_hdmi_clkgen_0
system_axi_sysid_0_0
system_rom_sys_0_0
system_axi_ad9361_0
system_util_ad9361_tdd_sync_0
system_util_ad9361_divclk_0
system_util_ad9361_adc_pack_0
system_axi_ad9361_dac_dma_0
system_axi_ad9361_adc_dma_0
system_util_ad9361_dac_upack_0

INFO: [IP_Flow 19-3899] Cannot get the environment domain name variable for the component vendor name. Setting the vendor name to 'user.org'.
open_project: Time (s): cpu = 00:00:33 ; elapsed = 00:00:11 . Memory (MB): peak = 7711.055 ; gain = 260.723 ; free physical = 5475 ; free virtual = 18225
update_compile_order -fileset sources_1
close_project
close_project: Time (s): cpu = 00:02:31 ; elapsed = 00:00:29 . Memory (MB): peak = 8504.559 ; gain = 161.070 ; free physical = 5888 ; free virtual = 18643
exit
INFO: [Common 17-206] Exiting Vivado at Sat Nov 16 08:23:16 2024...
