#-----------------------------------------------------------
# Vivado v2021.1 (64-bit)
# SW Build 3247384 on Thu Jun 10 19:36:07 MDT 2021
# IP Build 3246043 on Fri Jun 11 00:30:35 MDT 2021
# Start of session at: Sat Nov 16 08:11:54 2024
# Process ID: 1701985
# Current directory: /home/bharathwaj/Research/fpgaStuff/xilinx/softwareDefinedRadio/WhiteShark/fmcomms2_zed
# Command line: vivado
# Log file: /home/bharathwaj/Research/fpgaStuff/xilinx/softwareDefinedRadio/WhiteShark/fmcomms2_zed/vivado.log
# Journal file: /home/bharathwaj/Research/fpgaStuff/xilinx/softwareDefinedRadio/WhiteShark/fmcomms2_zed/vivado.jou
#-----------------------------------------------------------
start_gui
open_project /home/bharathwaj/Research/fpgaStuff/xilinx/softwareDefinedRadio/WhiteShark/fmcomms2_zed/fmcomms2_zed.xpr
INFO: [Project 1-313] Project file moved from '/home/bharathwaj/Research/fpgaStuff/xilinx/softwareDefinedRadio/WhiteShark/adi_hdl/projects/fmcomms2/zed' since last save.
INFO: [filemgmt 56-1] IP Repository Path: Directory not found as '/home/bharathwaj/Research/fpgaStuff/xilinx/library'; using path '/home/bharathwaj/Research/fpgaStuff/xilinx/softwareDefinedRadio/WhiteShark/adi_hdl/library' instead.
WARNING: [Project 1-312] File not found as '/home/bharathwaj/Research/fpgaStuff/xilinx/library/common/ad_iobuf.v'; using path '/home/bharathwaj/Research/fpgaStuff/xilinx/softwareDefinedRadio/WhiteShark/adi_hdl/library/common/ad_iobuf.v' instead.
WARNING: [Project 1-312] File not found as '/home/bharathwaj/Research/fpgaStuff/xilinx/softwareDefinedRadio/common/zed/zed_system_constr.xdc'; using path '/home/bharathwaj/Research/fpgaStuff/xilinx/softwareDefinedRadio/WhiteShark/adi_hdl/projects/common/zed/zed_system_constr.xdc' instead.
Scanning sources...
Finished scanning sources
WARNING: [Project 1-312] File not found as '/home/bharathwaj/Research/fpgaStuff/xilinx/library/common/ad_iobuf.v'; using path '/home/bharathwaj/Research/fpgaStuff/xilinx/softwareDefinedRadio/WhiteShark/adi_hdl/library/common/ad_iobuf.v' instead.
WARNING: [Project 1-312] File not found as '/home/bharathwaj/Research/fpgaStuff/xilinx/softwareDefinedRadio/common/zed/zed_system_constr.xdc'; using path '/home/bharathwaj/Research/fpgaStuff/xilinx/softwareDefinedRadio/WhiteShark/adi_hdl/projects/common/zed/zed_system_constr.xdc' instead.
WARNING: [Project 1-312] File not found as '/home/bharathwaj/Research/fpgaStuff/xilinx/library/common/ad_iobuf.v'; using path '/home/bharathwaj/Research/fpgaStuff/xilinx/softwareDefinedRadio/WhiteShark/adi_hdl/library/common/ad_iobuf.v' instead.
WARNING: [Project 1-312] File not found as '/home/bharathwaj/Research/fpgaStuff/xilinx/softwareDefinedRadio/common/zed/zed_system_constr.xdc'; using path '/home/bharathwaj/Research/fpgaStuff/xilinx/softwareDefinedRadio/WhiteShark/adi_hdl/projects/common/zed/zed_system_constr.xdc' instead.
INFO: [IP_Flow 19-234] Refreshing IP repositories
INFO: [IP_Flow 19-1700] Loaded user IP repository '/home/bharathwaj/Research/fpgaStuff/xilinx/softwareDefinedRadio/WhiteShark/adi_hdl/library'.
INFO: [IP_Flow 19-2313] Loaded Vivado IP repository '/tools/Xilinx/Vivado/2021.1/data/ip'.
INFO: [IP_Flow 19-3899] Cannot get the environment domain name variable for the component vendor name. Setting the vendor name to 'user.org'.
open_project: Time (s): cpu = 00:00:27 ; elapsed = 00:00:10 . Memory (MB): peak = 7721.051 ; gain = 259.547 ; free physical = 5620 ; free virtual = 18282
update_compile_order -fileset sources_1
exit
INFO: [Common 17-206] Exiting Vivado at Sat Nov 16 08:15:14 2024...
