
*** Running vivado
    with args -log system_sys_ps7_0.vds -m64 -product Vivado -mode batch -messageDb vivado.pb -notrace -source system_sys_ps7_0.tcl


****** Vivado v2021.1 (64-bit)
  **** SW Build 3247384 on Thu Jun 10 19:36:07 MDT 2021
  **** IP Build 3246043 on Fri Jun 11 00:30:35 MDT 2021
    ** Copyright 1986-2021 Xilinx, Inc. All Rights Reserved.

source system_sys_ps7_0.tcl -notrace
INFO: [IP_Flow 19-234] Refreshing IP repositories
INFO: [IP_Flow 19-1700] Loaded user IP repository '/home/bharathwaj/Research/fpgaStuff/xilinx/openWifiPacketFilter/WhiteShark/openwifi-hw/adi-hdl/library'.
WARNING: [IP_Flow 19-2248] Failed to load user IP repository '/home/bharathwaj/Research/fpgaStuff/xilinx/openWifiPacketFilter/WhiteShark/openwifi-hw/ghdl/library'; Can't find the specified path.
If this directory should no longer be in your list of user repositories, go to the IP Settings dialog and remove it.
INFO: [IP_Flow 19-2313] Loaded Vivado IP repository '/tools/Xilinx/Vivado/2021.1/data/ip'.
Command: synth_design -top system_sys_ps7_0 -part xc7z020clg484-1 -mode out_of_context
Starting synth_design
Attempting to get a license for feature 'Synthesis' and/or device 'xc7z020'
INFO: [Common 17-349] Got license for feature 'Synthesis' and/or device 'xc7z020'
INFO: [Device 21-403] Loading part xc7z020clg484-1
INFO: [Synth 8-7079] Multithreading enabled for synth_design using a maximum of 4 processes.
INFO: [Synth 8-7078] Launching helper process for spawning children vivado processes
INFO: [Synth 8-7075] Helper process launched with PID 976051
---------------------------------------------------------------------------------
Starting RTL Elaboration : Time (s): cpu = 00:00:05 ; elapsed = 00:00:05 . Memory (MB): peak = 2452.043 ; gain = 0.000 ; free physical = 532 ; free virtual = 16835
---------------------------------------------------------------------------------
INFO: [Synth 8-6157] synthesizing module 'system_sys_ps7_0' [/home/bharathwaj/Research/fpgaStuff/xilinx/openWifiPacketFilter/WhiteShark/openwifi-hw/adi-hdl/projects/fmcomms2/zed/fmcomms2_zed.gen/sources_1/bd/system/ip/system_sys_ps7_0/synth/system_sys_ps7_0.v:60]
INFO: [Synth 8-6157] synthesizing module 'processing_system7_v5_5_processing_system7' [/home/bharathwaj/Research/fpgaStuff/xilinx/openWifiPacketFilter/WhiteShark/openwifi-hw/adi-hdl/projects/fmcomms2/zed/fmcomms2_zed.gen/sources_1/bd/system/ip/system_sys_ps7_0/hdl/verilog/processing_system7_v5_5_processing_system7.v:162]
INFO: [Synth 8-6157] synthesizing module 'BUFG' [/tools/Xilinx/Vivado/2021.1/scripts/rt/data/unisim_comp.v:1083]
INFO: [Synth 8-6155] done synthesizing module 'BUFG' (1#1) [/tools/Xilinx/Vivado/2021.1/scripts/rt/data/unisim_comp.v:1083]
INFO: [Synth 8-6157] synthesizing module 'BIBUF' [/tools/Xilinx/Vivado/2021.1/scripts/rt/data/unisim_comp.v:730]
INFO: [Synth 8-6155] done synthesizing module 'BIBUF' (2#1) [/tools/Xilinx/Vivado/2021.1/scripts/rt/data/unisim_comp.v:730]
INFO: [Synth 8-6157] synthesizing module 'PS7' [/tools/Xilinx/Vivado/2021.1/scripts/rt/data/unisim_comp.v:84961]
INFO: [Synth 8-6155] done synthesizing module 'PS7' (3#1) [/tools/Xilinx/Vivado/2021.1/scripts/rt/data/unisim_comp.v:84961]
INFO: [Synth 8-6155] done synthesizing module 'processing_system7_v5_5_processing_system7' (4#1) [/home/bharathwaj/Research/fpgaStuff/xilinx/openWifiPacketFilter/WhiteShark/openwifi-hw/adi-hdl/projects/fmcomms2/zed/fmcomms2_zed.gen/sources_1/bd/system/ip/system_sys_ps7_0/hdl/verilog/processing_system7_v5_5_processing_system7.v:162]
WARNING: [Synth 8-7071] port 'M_AXI_GP0_ARESETN' of module 'processing_system7_v5_5_processing_system7' is unconnected for instance 'inst' [/home/bharathwaj/Research/fpgaStuff/xilinx/openWifiPacketFilter/WhiteShark/openwifi-hw/adi-hdl/projects/fmcomms2/zed/fmcomms2_zed.gen/sources_1/bd/system/ip/system_sys_ps7_0/synth/system_sys_ps7_0.v:923]
WARNING: [Synth 8-7071] port 'M_AXI_GP1_ARESETN' of module 'processing_system7_v5_5_processing_system7' is unconnected for instance 'inst' [/home/bharathwaj/Research/fpgaStuff/xilinx/openWifiPacketFilter/WhiteShark/openwifi-hw/adi-hdl/projects/fmcomms2/zed/fmcomms2_zed.gen/sources_1/bd/system/ip/system_sys_ps7_0/synth/system_sys_ps7_0.v:923]
WARNING: [Synth 8-7071] port 'S_AXI_GP0_ARESETN' of module 'processing_system7_v5_5_processing_system7' is unconnected for instance 'inst' [/home/bharathwaj/Research/fpgaStuff/xilinx/openWifiPacketFilter/WhiteShark/openwifi-hw/adi-hdl/projects/fmcomms2/zed/fmcomms2_zed.gen/sources_1/bd/system/ip/system_sys_ps7_0/synth/system_sys_ps7_0.v:923]
WARNING: [Synth 8-7071] port 'S_AXI_GP1_ARESETN' of module 'processing_system7_v5_5_processing_system7' is unconnected for instance 'inst' [/home/bharathwaj/Research/fpgaStuff/xilinx/openWifiPacketFilter/WhiteShark/openwifi-hw/adi-hdl/projects/fmcomms2/zed/fmcomms2_zed.gen/sources_1/bd/system/ip/system_sys_ps7_0/synth/system_sys_ps7_0.v:923]
WARNING: [Synth 8-7071] port 'S_AXI_ACP_ARESETN' of module 'processing_system7_v5_5_processing_system7' is unconnected for instance 'inst' [/home/bharathwaj/Research/fpgaStuff/xilinx/openWifiPacketFilter/WhiteShark/openwifi-hw/adi-hdl/projects/fmcomms2/zed/fmcomms2_zed.gen/sources_1/bd/system/ip/system_sys_ps7_0/synth/system_sys_ps7_0.v:923]
WARNING: [Synth 8-7071] port 'S_AXI_HP0_ARESETN' of module 'processing_system7_v5_5_processing_system7' is unconnected for instance 'inst' [/home/bharathwaj/Research/fpgaStuff/xilinx/openWifiPacketFilter/WhiteShark/openwifi-hw/adi-hdl/projects/fmcomms2/zed/fmcomms2_zed.gen/sources_1/bd/system/ip/system_sys_ps7_0/synth/system_sys_ps7_0.v:923]
WARNING: [Synth 8-7071] port 'S_AXI_HP1_ARESETN' of module 'processing_system7_v5_5_processing_system7' is unconnected for instance 'inst' [/home/bharathwaj/Research/fpgaStuff/xilinx/openWifiPacketFilter/WhiteShark/openwifi-hw/adi-hdl/projects/fmcomms2/zed/fmcomms2_zed.gen/sources_1/bd/system/ip/system_sys_ps7_0/synth/system_sys_ps7_0.v:923]
WARNING: [Synth 8-7071] port 'S_AXI_HP2_ARESETN' of module 'processing_system7_v5_5_processing_system7' is unconnected for instance 'inst' [/home/bharathwaj/Research/fpgaStuff/xilinx/openWifiPacketFilter/WhiteShark/openwifi-hw/adi-hdl/projects/fmcomms2/zed/fmcomms2_zed.gen/sources_1/bd/system/ip/system_sys_ps7_0/synth/system_sys_ps7_0.v:923]
WARNING: [Synth 8-7071] port 'S_AXI_HP3_ARESETN' of module 'processing_system7_v5_5_processing_system7' is unconnected for instance 'inst' [/home/bharathwaj/Research/fpgaStuff/xilinx/openWifiPacketFilter/WhiteShark/openwifi-hw/adi-hdl/projects/fmcomms2/zed/fmcomms2_zed.gen/sources_1/bd/system/ip/system_sys_ps7_0/synth/system_sys_ps7_0.v:923]
WARNING: [Synth 8-7071] port 'DMA0_RSTN' of module 'processing_system7_v5_5_processing_system7' is unconnected for instance 'inst' [/home/bharathwaj/Research/fpgaStuff/xilinx/openWifiPacketFilter/WhiteShark/openwifi-hw/adi-hdl/projects/fmcomms2/zed/fmcomms2_zed.gen/sources_1/bd/system/ip/system_sys_ps7_0/synth/system_sys_ps7_0.v:923]
WARNING: [Synth 8-7071] port 'DMA1_RSTN' of module 'processing_system7_v5_5_processing_system7' is unconnected for instance 'inst' [/home/bharathwaj/Research/fpgaStuff/xilinx/openWifiPacketFilter/WhiteShark/openwifi-hw/adi-hdl/projects/fmcomms2/zed/fmcomms2_zed.gen/sources_1/bd/system/ip/system_sys_ps7_0/synth/system_sys_ps7_0.v:923]
WARNING: [Synth 8-7071] port 'DMA2_RSTN' of module 'processing_system7_v5_5_processing_system7' is unconnected for instance 'inst' [/home/bharathwaj/Research/fpgaStuff/xilinx/openWifiPacketFilter/WhiteShark/openwifi-hw/adi-hdl/projects/fmcomms2/zed/fmcomms2_zed.gen/sources_1/bd/system/ip/system_sys_ps7_0/synth/system_sys_ps7_0.v:923]
WARNING: [Synth 8-7071] port 'DMA3_RSTN' of module 'processing_system7_v5_5_processing_system7' is unconnected for instance 'inst' [/home/bharathwaj/Research/fpgaStuff/xilinx/openWifiPacketFilter/WhiteShark/openwifi-hw/adi-hdl/projects/fmcomms2/zed/fmcomms2_zed.gen/sources_1/bd/system/ip/system_sys_ps7_0/synth/system_sys_ps7_0.v:923]
WARNING: [Synth 8-7023] instance 'inst' of module 'processing_system7_v5_5_processing_system7' has 685 connections declared, but only 672 given [/home/bharathwaj/Research/fpgaStuff/xilinx/openWifiPacketFilter/WhiteShark/openwifi-hw/adi-hdl/projects/fmcomms2/zed/fmcomms2_zed.gen/sources_1/bd/system/ip/system_sys_ps7_0/synth/system_sys_ps7_0.v:923]
INFO: [Synth 8-6155] done synthesizing module 'system_sys_ps7_0' (5#1) [/home/bharathwaj/Research/fpgaStuff/xilinx/openWifiPacketFilter/WhiteShark/openwifi-hw/adi-hdl/projects/fmcomms2/zed/fmcomms2_zed.gen/sources_1/bd/system/ip/system_sys_ps7_0/synth/system_sys_ps7_0.v:60]
---------------------------------------------------------------------------------
Finished RTL Elaboration : Time (s): cpu = 00:00:07 ; elapsed = 00:00:07 . Memory (MB): peak = 2452.043 ; gain = 0.000 ; free physical = 3627 ; free virtual = 19635
---------------------------------------------------------------------------------
---------------------------------------------------------------------------------
Start Handling Custom Attributes
---------------------------------------------------------------------------------
---------------------------------------------------------------------------------
Finished Handling Custom Attributes : Time (s): cpu = 00:00:07 ; elapsed = 00:00:08 . Memory (MB): peak = 2452.043 ; gain = 0.000 ; free physical = 3622 ; free virtual = 19630
---------------------------------------------------------------------------------
---------------------------------------------------------------------------------
Finished RTL Optimization Phase 1 : Time (s): cpu = 00:00:07 ; elapsed = 00:00:08 . Memory (MB): peak = 2452.043 ; gain = 0.000 ; free physical = 3622 ; free virtual = 19630
---------------------------------------------------------------------------------
Netlist sorting complete. Time (s): cpu = 00:00:00.02 ; elapsed = 00:00:00.01 . Memory (MB): peak = 2452.043 ; gain = 0.000 ; free physical = 3639 ; free virtual = 19647
INFO: [Project 1-570] Preparing netlist for logic optimization

Processing XDC Constraints
Initializing timing engine
Parsing XDC File [/home/bharathwaj/Research/fpgaStuff/xilinx/openWifiPacketFilter/WhiteShark/openwifi-hw/adi-hdl/projects/fmcomms2/zed/fmcomms2_zed.gen/sources_1/bd/system/ip/system_sys_ps7_0/system_sys_ps7_0.xdc] for cell 'inst'
Finished Parsing XDC File [/home/bharathwaj/Research/fpgaStuff/xilinx/openWifiPacketFilter/WhiteShark/openwifi-hw/adi-hdl/projects/fmcomms2/zed/fmcomms2_zed.gen/sources_1/bd/system/ip/system_sys_ps7_0/system_sys_ps7_0.xdc] for cell 'inst'
INFO: [Project 1-236] Implementation specific constraints were found while reading constraint file [/home/bharathwaj/Research/fpgaStuff/xilinx/openWifiPacketFilter/WhiteShark/openwifi-hw/adi-hdl/projects/fmcomms2/zed/fmcomms2_zed.gen/sources_1/bd/system/ip/system_sys_ps7_0/system_sys_ps7_0.xdc]. These constraints will be ignored for synthesis but will be used in implementation. Impacted constraints are listed in the file [.Xil/system_sys_ps7_0_propImpl.xdc].
Resolution: To avoid this warning, move constraints listed in [.Xil/system_sys_ps7_0_propImpl.xdc] to another XDC file and exclude this new file from synthesis with the used_in_synthesis property (File Properties dialog in GUI) and re-run elaboration/synthesis.
Parsing XDC File [/home/bharathwaj/Research/fpgaStuff/xilinx/openWifiPacketFilter/WhiteShark/openwifi-hw/adi-hdl/projects/fmcomms2/zed/fmcomms2_zed.runs/system_sys_ps7_0_synth_1/dont_touch.xdc]
Finished Parsing XDC File [/home/bharathwaj/Research/fpgaStuff/xilinx/openWifiPacketFilter/WhiteShark/openwifi-hw/adi-hdl/projects/fmcomms2/zed/fmcomms2_zed.runs/system_sys_ps7_0_synth_1/dont_touch.xdc]
Completed Processing XDC Constraints

Netlist sorting complete. Time (s): cpu = 00:00:00 ; elapsed = 00:00:00 . Memory (MB): peak = 2516.004 ; gain = 0.000 ; free physical = 3638 ; free virtual = 19646
INFO: [Project 1-111] Unisim Transformation Summary:
No Unisim elements were transformed.

Constraint Validation Runtime : Time (s): cpu = 00:00:00.03 ; elapsed = 00:00:00.04 . Memory (MB): peak = 2516.004 ; gain = 0.000 ; free physical = 3641 ; free virtual = 19650
---------------------------------------------------------------------------------
Finished Constraint Validation : Time (s): cpu = 00:00:12 ; elapsed = 00:00:13 . Memory (MB): peak = 2516.004 ; gain = 63.961 ; free physical = 3745 ; free virtual = 19770
---------------------------------------------------------------------------------
---------------------------------------------------------------------------------
Start Loading Part and Timing Information
---------------------------------------------------------------------------------
Loading part: xc7z020clg484-1
---------------------------------------------------------------------------------
Finished Loading Part and Timing Information : Time (s): cpu = 00:00:12 ; elapsed = 00:00:13 . Memory (MB): peak = 2516.004 ; gain = 63.961 ; free physical = 3745 ; free virtual = 19770
---------------------------------------------------------------------------------
---------------------------------------------------------------------------------
Start Applying 'set_property' XDC Constraints
---------------------------------------------------------------------------------
Applied set_property KEEP_HIERARCHY = SOFT for inst. (constraint file  /home/bharathwaj/Research/fpgaStuff/xilinx/openWifiPacketFilter/WhiteShark/openwifi-hw/adi-hdl/projects/fmcomms2/zed/fmcomms2_zed.runs/system_sys_ps7_0_synth_1/dont_touch.xdc, line 9).
---------------------------------------------------------------------------------
Finished applying 'set_property' XDC Constraints : Time (s): cpu = 00:00:12 ; elapsed = 00:00:13 . Memory (MB): peak = 2516.004 ; gain = 63.961 ; free physical = 3771 ; free virtual = 19793
---------------------------------------------------------------------------------
---------------------------------------------------------------------------------
Finished RTL Optimization Phase 2 : Time (s): cpu = 00:00:13 ; elapsed = 00:00:14 . Memory (MB): peak = 2516.004 ; gain = 63.961 ; free physical = 3759 ; free virtual = 19783
---------------------------------------------------------------------------------
---------------------------------------------------------------------------------
Start RTL Component Statistics 
---------------------------------------------------------------------------------
Detailed RTL Component Info : 
---------------------------------------------------------------------------------
Finished RTL Component Statistics 
---------------------------------------------------------------------------------
---------------------------------------------------------------------------------
Start Part Resource Summary
---------------------------------------------------------------------------------
Part Resources:
DSPs: 220 (col length:60)
BRAMs: 280 (col length: RAMB18 60 RAMB36 30)
---------------------------------------------------------------------------------
Finished Part Resource Summary
---------------------------------------------------------------------------------
---------------------------------------------------------------------------------
Start Cross Boundary and Area Optimization
---------------------------------------------------------------------------------
---------------------------------------------------------------------------------
Finished Cross Boundary and Area Optimization : Time (s): cpu = 00:00:14 ; elapsed = 00:00:15 . Memory (MB): peak = 2516.004 ; gain = 63.961 ; free physical = 3749 ; free virtual = 19780
---------------------------------------------------------------------------------
---------------------------------------------------------------------------------
Start Applying XDC Timing Constraints
---------------------------------------------------------------------------------
---------------------------------------------------------------------------------
Finished Applying XDC Timing Constraints : Time (s): cpu = 00:00:18 ; elapsed = 00:00:20 . Memory (MB): peak = 2527.988 ; gain = 75.945 ; free physical = 3284 ; free virtual = 19316
---------------------------------------------------------------------------------
---------------------------------------------------------------------------------
Start Timing Optimization
---------------------------------------------------------------------------------
---------------------------------------------------------------------------------
Finished Timing Optimization : Time (s): cpu = 00:00:19 ; elapsed = 00:00:20 . Memory (MB): peak = 2547.996 ; gain = 95.953 ; free physical = 3260 ; free virtual = 19293
---------------------------------------------------------------------------------
---------------------------------------------------------------------------------
Start Technology Mapping
---------------------------------------------------------------------------------
---------------------------------------------------------------------------------
Finished Technology Mapping : Time (s): cpu = 00:00:19 ; elapsed = 00:00:20 . Memory (MB): peak = 2559.020 ; gain = 106.977 ; free physical = 3300 ; free virtual = 19333
---------------------------------------------------------------------------------
---------------------------------------------------------------------------------
Start IO Insertion
---------------------------------------------------------------------------------
---------------------------------------------------------------------------------
Start Flattening Before IO Insertion
---------------------------------------------------------------------------------
---------------------------------------------------------------------------------
Finished Flattening Before IO Insertion
---------------------------------------------------------------------------------
---------------------------------------------------------------------------------
Start Final Netlist Cleanup
---------------------------------------------------------------------------------
---------------------------------------------------------------------------------
Finished Final Netlist Cleanup
---------------------------------------------------------------------------------
---------------------------------------------------------------------------------
Finished IO Insertion : Time (s): cpu = 00:00:22 ; elapsed = 00:00:23 . Memory (MB): peak = 2564.957 ; gain = 112.914 ; free physical = 3455 ; free virtual = 19479
---------------------------------------------------------------------------------
---------------------------------------------------------------------------------
Start Renaming Generated Instances
---------------------------------------------------------------------------------
---------------------------------------------------------------------------------
Finished Renaming Generated Instances : Time (s): cpu = 00:00:22 ; elapsed = 00:00:23 . Memory (MB): peak = 2564.957 ; gain = 112.914 ; free physical = 3455 ; free virtual = 19479
---------------------------------------------------------------------------------
---------------------------------------------------------------------------------
Start Rebuilding User Hierarchy
---------------------------------------------------------------------------------
---------------------------------------------------------------------------------
Finished Rebuilding User Hierarchy : Time (s): cpu = 00:00:22 ; elapsed = 00:00:23 . Memory (MB): peak = 2564.957 ; gain = 112.914 ; free physical = 3455 ; free virtual = 19479
---------------------------------------------------------------------------------
---------------------------------------------------------------------------------
Start Renaming Generated Ports
---------------------------------------------------------------------------------
---------------------------------------------------------------------------------
Finished Renaming Generated Ports : Time (s): cpu = 00:00:22 ; elapsed = 00:00:23 . Memory (MB): peak = 2564.957 ; gain = 112.914 ; free physical = 3455 ; free virtual = 19479
---------------------------------------------------------------------------------
---------------------------------------------------------------------------------
Start Handling Custom Attributes
---------------------------------------------------------------------------------
---------------------------------------------------------------------------------
Finished Handling Custom Attributes : Time (s): cpu = 00:00:22 ; elapsed = 00:00:23 . Memory (MB): peak = 2564.957 ; gain = 112.914 ; free physical = 3455 ; free virtual = 19479
---------------------------------------------------------------------------------
---------------------------------------------------------------------------------
Start Renaming Generated Nets
---------------------------------------------------------------------------------
---------------------------------------------------------------------------------
Finished Renaming Generated Nets : Time (s): cpu = 00:00:22 ; elapsed = 00:00:23 . Memory (MB): peak = 2564.957 ; gain = 112.914 ; free physical = 3455 ; free virtual = 19479
---------------------------------------------------------------------------------
---------------------------------------------------------------------------------
Start Writing Synthesis Report
---------------------------------------------------------------------------------

Report BlackBoxes: 
+-+--------------+----------+
| |BlackBox name |Instances |
+-+--------------+----------+
+-+--------------+----------+

Report Cell Usage: 
+------+------+------+
|      |Cell  |Count |
+------+------+------+
|1     |BIBUF |   130|
|2     |BUFG  |     2|
|3     |LUT1  |    96|
|4     |PS7   |     1|
+------+------+------+
---------------------------------------------------------------------------------
Finished Writing Synthesis Report : Time (s): cpu = 00:00:22 ; elapsed = 00:00:23 . Memory (MB): peak = 2564.957 ; gain = 112.914 ; free physical = 3455 ; free virtual = 19479
---------------------------------------------------------------------------------
Synthesis finished with 0 errors, 0 critical warnings and 0 warnings.
Synthesis Optimization Runtime : Time (s): cpu = 00:00:20 ; elapsed = 00:00:21 . Memory (MB): peak = 2564.957 ; gain = 48.953 ; free physical = 3517 ; free virtual = 19542
Synthesis Optimization Complete : Time (s): cpu = 00:00:22 ; elapsed = 00:00:23 . Memory (MB): peak = 2564.965 ; gain = 112.914 ; free physical = 3517 ; free virtual = 19542
INFO: [Project 1-571] Translating synthesized netlist
Netlist sorting complete. Time (s): cpu = 00:00:00.01 ; elapsed = 00:00:00.01 . Memory (MB): peak = 2564.965 ; gain = 0.000 ; free physical = 3612 ; free virtual = 19636
INFO: [Project 1-570] Preparing netlist for logic optimization
INFO: [Opt 31-138] Pushed 0 inverter(s) to 0 load pin(s).
Netlist sorting complete. Time (s): cpu = 00:00:00 ; elapsed = 00:00:00 . Memory (MB): peak = 2583.801 ; gain = 0.000 ; free physical = 3639 ; free virtual = 19663
INFO: [Project 1-111] Unisim Transformation Summary:
No Unisim elements were transformed.

Synth Design complete, checksum: b6773cc2
INFO: [Common 17-83] Releasing license: Synthesis
26 Infos, 15 Warnings, 0 Critical Warnings and 0 Errors encountered.
synth_design completed successfully
synth_design: Time (s): cpu = 00:00:32 ; elapsed = 00:00:27 . Memory (MB): peak = 2583.801 ; gain = 131.828 ; free physical = 3776 ; free virtual = 19801
INFO: [Common 17-1381] The checkpoint '/home/bharathwaj/Research/fpgaStuff/xilinx/openWifiPacketFilter/WhiteShark/openwifi-hw/adi-hdl/projects/fmcomms2/zed/fmcomms2_zed.runs/system_sys_ps7_0_synth_1/system_sys_ps7_0.dcp' has been generated.
INFO: [Coretcl 2-1648] Added synthesis output to IP cache for IP system_sys_ps7_0, cache-ID = 7fa1a8ca6c69575b
INFO: [Common 17-1381] The checkpoint '/home/bharathwaj/Research/fpgaStuff/xilinx/openWifiPacketFilter/WhiteShark/openwifi-hw/adi-hdl/projects/fmcomms2/zed/fmcomms2_zed.runs/system_sys_ps7_0_synth_1/system_sys_ps7_0.dcp' has been generated.
INFO: [runtcl-4] Executing : report_utilization -file system_sys_ps7_0_utilization_synth.rpt -pb system_sys_ps7_0_utilization_synth.pb
INFO: [Common 17-206] Exiting Vivado at Sun Nov 10 09:50:58 2024...
