Copyright 1986-2021 Xilinx, Inc. All Rights Reserved.
------------------------------------------------------------------------------------------------------------------------------------------------------
| Tool Version : Vivado v.2021.1 (lin64) Build 3247384 Thu Jun 10 19:36:07 MDT 2021
| Date         : Wed Nov 13 20:01:59 2024
| Host         : bharathwaj-HP-Z240-SFF-Workstation running 64-bit Ubuntu 24.04.1 LTS
| Command      : report_drc -file pz_7z030_pcie_wrapper_drc_opted.rpt -pb pz_7z030_pcie_wrapper_drc_opted.pb -rpx pz_7z030_pcie_wrapper_drc_opted.rpx
| Design       : pz_7z030_pcie_wrapper
| Device       : xc7z030sbg485-1
| Speed File   : -1
| Design State : Synthesized
------------------------------------------------------------------------------------------------------------------------------------------------------

Report DRC

Table of Contents
-----------------
1. REPORT SUMMARY
2. REPORT DETAILS

1. REPORT SUMMARY
-----------------
            Netlist: netlist
          Floorplan: design_1
      Design limits: <entire design considered>
           Ruledeck: default
             Max violations: <unlimited>
             Violations found: 8
+-----------+----------+----------------------------+------------+
| Rule      | Severity | Description                | Violations |
+-----------+----------+----------------------------+------------+
| REQP-1839 | Warning  | RAMB36 async control check | 5          |
| REQP-181  | Advisory | writefirst                 | 3          |
+-----------+----------+----------------------------+------------+

2. REPORT DETAILS
-----------------
REQP-1839#1 Warning
RAMB36 async control check  
The RAMB36E1 pz_7z030_pcie_i/axi_pcie_0/inst/comp_axi_pcie_mm_s/comp_AXI_MM_S_MasterBridge/comp_axi_mm_s_masterbridge_wr/comp_write_data_fifo/xpm_fifo_instance.xpm_fifo_sync_inst/xpm_fifo_base_inst/gen_sdpram.xpm_memory_base_inst/gen_wr_a.gen_word_narrow.mem_reg has an input control pin pz_7z030_pcie_i/axi_pcie_0/inst/comp_axi_pcie_mm_s/comp_AXI_MM_S_MasterBridge/comp_axi_mm_s_masterbridge_wr/comp_write_data_fifo/xpm_fifo_instance.xpm_fifo_sync_inst/xpm_fifo_base_inst/gen_sdpram.xpm_memory_base_inst/gen_wr_a.gen_word_narrow.mem_reg/ENARDEN (net: pz_7z030_pcie_i/axi_pcie_0/inst/comp_axi_pcie_mm_s/comp_AXI_MM_S_MasterBridge/comp_axi_mm_s_masterbridge_wr/comp_write_data_fifo/xpm_fifo_instance.xpm_fifo_sync_inst/xpm_fifo_base_inst/gen_sdpram.xpm_memory_base_inst/enb) which is driven by a register (pz_7z030_pcie_i/mem_intercon/s00_couplers/auto_cc/inst/gen_clock_conv.gen_async_conv.asyncfifo_axi/inst_fifo_gen/gaxi_full_lite.gwrite_ch.gwdch2.axi_wdch/grf.rf/gntv_or_sync_fifo.gl0.wr/gwas.wsts/ram_full_i_reg) that has an active asychronous set or reset. This may cause corruption of the memory contents and/or read values when the set/reset is asserted and is not analyzed by the default static timing analysis. It is suggested to eliminate the use of a set/reset to registers driving this RAMB pin or else use a synchronous reset in which the assertion of the reset is timed by default.
Related violations: <none>

REQP-1839#2 Warning
RAMB36 async control check  
The RAMB36E1 pz_7z030_pcie_i/axi_pcie_0/inst/comp_axi_pcie_mm_s/comp_slave_bridge/comp_read_data_bram/blk_gen_mem.FAMILY_SUPPORTED.I_TRUE_DUAL_PORT_BLK_MEM_GEN/inst_blk_mem_gen/gnbram.gnativebmg.native_blk_mem_gen/valid.cstr/ramloop[0].ram.r/prim_noinit.ram/DEVICE_7SERIES.NO_BMM_INFO.TRUE_DP.SIMPLE_PRIM36.ram has an input control pin pz_7z030_pcie_i/axi_pcie_0/inst/comp_axi_pcie_mm_s/comp_slave_bridge/comp_read_data_bram/blk_gen_mem.FAMILY_SUPPORTED.I_TRUE_DUAL_PORT_BLK_MEM_GEN/inst_blk_mem_gen/gnbram.gnativebmg.native_blk_mem_gen/valid.cstr/ramloop[0].ram.r/prim_noinit.ram/DEVICE_7SERIES.NO_BMM_INFO.TRUE_DP.SIMPLE_PRIM36.ram/ENBWREN (net: pz_7z030_pcie_i/axi_pcie_0/inst/comp_axi_pcie_mm_s/comp_slave_bridge/comp_read_data_bram/blk_gen_mem.FAMILY_SUPPORTED.I_TRUE_DUAL_PORT_BLK_MEM_GEN/inst_blk_mem_gen/gnbram.gnativebmg.native_blk_mem_gen/valid.cstr/ramloop[0].ram.r/prim_noinit.ram/enb) which is driven by a register (pz_7z030_pcie_i/periph_intercon_1/s00_couplers/auto_cc/inst/gen_clock_conv.gen_async_conv.asyncfifo_axi/inst_fifo_gen/gaxi_full_lite.gread_ch.grdch2.axi_rdch/grf.rf/gntv_or_sync_fifo.gl0.wr/gwas.wsts/ram_full_i_reg) that has an active asychronous set or reset. This may cause corruption of the memory contents and/or read values when the set/reset is asserted and is not analyzed by the default static timing analysis. It is suggested to eliminate the use of a set/reset to registers driving this RAMB pin or else use a synchronous reset in which the assertion of the reset is timed by default.
Related violations: <none>

REQP-1839#3 Warning
RAMB36 async control check  
The RAMB36E1 pz_7z030_pcie_i/axi_pcie_0/inst/comp_axi_pcie_mm_s/comp_slave_bridge/comp_read_data_bram/blk_gen_mem.FAMILY_SUPPORTED.I_TRUE_DUAL_PORT_BLK_MEM_GEN/inst_blk_mem_gen/gnbram.gnativebmg.native_blk_mem_gen/valid.cstr/ramloop[1].ram.r/prim_noinit.ram/DEVICE_7SERIES.NO_BMM_INFO.TRUE_DP.SIMPLE_PRIM36.ram has an input control pin pz_7z030_pcie_i/axi_pcie_0/inst/comp_axi_pcie_mm_s/comp_slave_bridge/comp_read_data_bram/blk_gen_mem.FAMILY_SUPPORTED.I_TRUE_DUAL_PORT_BLK_MEM_GEN/inst_blk_mem_gen/gnbram.gnativebmg.native_blk_mem_gen/valid.cstr/ramloop[1].ram.r/prim_noinit.ram/DEVICE_7SERIES.NO_BMM_INFO.TRUE_DP.SIMPLE_PRIM36.ram/ENBWREN (net: pz_7z030_pcie_i/axi_pcie_0/inst/comp_axi_pcie_mm_s/comp_slave_bridge/comp_read_data_bram/blk_gen_mem.FAMILY_SUPPORTED.I_TRUE_DUAL_PORT_BLK_MEM_GEN/inst_blk_mem_gen/gnbram.gnativebmg.native_blk_mem_gen/valid.cstr/ramloop[1].ram.r/prim_noinit.ram/enb) which is driven by a register (pz_7z030_pcie_i/periph_intercon_1/s00_couplers/auto_cc/inst/gen_clock_conv.gen_async_conv.asyncfifo_axi/inst_fifo_gen/gaxi_full_lite.gread_ch.grdch2.axi_rdch/grf.rf/gntv_or_sync_fifo.gl0.wr/gwas.wsts/ram_full_i_reg) that has an active asychronous set or reset. This may cause corruption of the memory contents and/or read values when the set/reset is asserted and is not analyzed by the default static timing analysis. It is suggested to eliminate the use of a set/reset to registers driving this RAMB pin or else use a synchronous reset in which the assertion of the reset is timed by default.
Related violations: <none>

REQP-1839#4 Warning
RAMB36 async control check  
The RAMB36E1 pz_7z030_pcie_i/axi_pcie_0/inst/comp_axi_pcie_mm_s/comp_slave_bridge/comp_read_data_bram/blk_gen_mem.FAMILY_SUPPORTED.I_TRUE_DUAL_PORT_BLK_MEM_GEN/inst_blk_mem_gen/gnbram.gnativebmg.native_blk_mem_gen/valid.cstr/ramloop[2].ram.r/prim_noinit.ram/DEVICE_7SERIES.NO_BMM_INFO.TRUE_DP.SIMPLE_PRIM36.ram has an input control pin pz_7z030_pcie_i/axi_pcie_0/inst/comp_axi_pcie_mm_s/comp_slave_bridge/comp_read_data_bram/blk_gen_mem.FAMILY_SUPPORTED.I_TRUE_DUAL_PORT_BLK_MEM_GEN/inst_blk_mem_gen/gnbram.gnativebmg.native_blk_mem_gen/valid.cstr/ramloop[2].ram.r/prim_noinit.ram/DEVICE_7SERIES.NO_BMM_INFO.TRUE_DP.SIMPLE_PRIM36.ram/ENBWREN (net: pz_7z030_pcie_i/axi_pcie_0/inst/comp_axi_pcie_mm_s/comp_slave_bridge/comp_read_data_bram/blk_gen_mem.FAMILY_SUPPORTED.I_TRUE_DUAL_PORT_BLK_MEM_GEN/inst_blk_mem_gen/gnbram.gnativebmg.native_blk_mem_gen/valid.cstr/ramloop[2].ram.r/prim_noinit.ram/enb) which is driven by a register (pz_7z030_pcie_i/periph_intercon_1/s00_couplers/auto_cc/inst/gen_clock_conv.gen_async_conv.asyncfifo_axi/inst_fifo_gen/gaxi_full_lite.gread_ch.grdch2.axi_rdch/grf.rf/gntv_or_sync_fifo.gl0.wr/gwas.wsts/ram_full_i_reg) that has an active asychronous set or reset. This may cause corruption of the memory contents and/or read values when the set/reset is asserted and is not analyzed by the default static timing analysis. It is suggested to eliminate the use of a set/reset to registers driving this RAMB pin or else use a synchronous reset in which the assertion of the reset is timed by default.
Related violations: <none>

REQP-1839#5 Warning
RAMB36 async control check  
The RAMB36E1 pz_7z030_pcie_i/axi_pcie_0/inst/comp_axi_pcie_mm_s/comp_slave_bridge/comp_read_data_bram/blk_gen_mem.FAMILY_SUPPORTED.I_TRUE_DUAL_PORT_BLK_MEM_GEN/inst_blk_mem_gen/gnbram.gnativebmg.native_blk_mem_gen/valid.cstr/ramloop[3].ram.r/prim_noinit.ram/DEVICE_7SERIES.NO_BMM_INFO.TRUE_DP.SIMPLE_PRIM36.ram has an input control pin pz_7z030_pcie_i/axi_pcie_0/inst/comp_axi_pcie_mm_s/comp_slave_bridge/comp_read_data_bram/blk_gen_mem.FAMILY_SUPPORTED.I_TRUE_DUAL_PORT_BLK_MEM_GEN/inst_blk_mem_gen/gnbram.gnativebmg.native_blk_mem_gen/valid.cstr/ramloop[3].ram.r/prim_noinit.ram/DEVICE_7SERIES.NO_BMM_INFO.TRUE_DP.SIMPLE_PRIM36.ram/ENBWREN (net: pz_7z030_pcie_i/axi_pcie_0/inst/comp_axi_pcie_mm_s/comp_slave_bridge/comp_read_data_bram/blk_gen_mem.FAMILY_SUPPORTED.I_TRUE_DUAL_PORT_BLK_MEM_GEN/inst_blk_mem_gen/gnbram.gnativebmg.native_blk_mem_gen/valid.cstr/ramloop[3].ram.r/prim_noinit.ram/enb) which is driven by a register (pz_7z030_pcie_i/periph_intercon_1/s00_couplers/auto_cc/inst/gen_clock_conv.gen_async_conv.asyncfifo_axi/inst_fifo_gen/gaxi_full_lite.gread_ch.grdch2.axi_rdch/grf.rf/gntv_or_sync_fifo.gl0.wr/gwas.wsts/ram_full_i_reg) that has an active asychronous set or reset. This may cause corruption of the memory contents and/or read values when the set/reset is asserted and is not analyzed by the default static timing analysis. It is suggested to eliminate the use of a set/reset to registers driving this RAMB pin or else use a synchronous reset in which the assertion of the reset is timed by default.
Related violations: <none>

REQP-181#1 Advisory
writefirst  
Synchronous clocking is detected for BRAM (pz_7z030_pcie_i/axi_pcie_0/inst/comp_axi_pcie_mm_s/comp_AXI_MM_S_MasterBridge/comp_axi_mm_s_masterbridge_wr/comp_write_data_fifo/xpm_fifo_instance.xpm_fifo_sync_inst/xpm_fifo_base_inst/gen_sdpram.xpm_memory_base_inst/gen_wr_a.gen_word_narrow.mem_reg) in SDP mode with WRITE_FIRST write-mode. This is the preferred mode for best power characteristics, however it may exhibit address collisions if the same address appears on both read and write ports resulting in unknown or corrupted read data. It is suggested to confirm via simulation that an address collision never occurs and if so it is suggested to try and avoid this situation. If address collisions cannot be avoided, the write-mode may be set to READ_FIRST which guarantees that the read data is the prior contents of the memory at the cost of additional power in the design. See the FPGA Memory Resources User Guide for additional information.
Related violations: <none>

REQP-181#2 Advisory
writefirst  
Synchronous clocking is detected for BRAM (pz_7z030_pcie_i/axi_pcie_0/inst/comp_axi_pcie_mm_s/comp_slave_bridge/comp_write_data_fifo/xpm_fifo_instance.xpm_fifo_sync_inst/xpm_fifo_base_inst/gen_sdpram.xpm_memory_base_inst/gen_wr_a.gen_word_narrow.mem_reg) in SDP mode with WRITE_FIRST write-mode. This is the preferred mode for best power characteristics, however it may exhibit address collisions if the same address appears on both read and write ports resulting in unknown or corrupted read data. It is suggested to confirm via simulation that an address collision never occurs and if so it is suggested to try and avoid this situation. If address collisions cannot be avoided, the write-mode may be set to READ_FIRST which guarantees that the read data is the prior contents of the memory at the cost of additional power in the design. See the FPGA Memory Resources User Guide for additional information.
Related violations: <none>

REQP-181#3 Advisory
writefirst  
Synchronous clocking is detected for BRAM (pz_7z030_pcie_i/axi_pcie_0/inst/comp_axi_pcie_mm_s/comp_slave_bridge/comp_write_data_fifo2/xpm_fifo_instance.xpm_fifo_sync_inst/xpm_fifo_base_inst/gen_sdpram.xpm_memory_base_inst/gen_wr_a.gen_word_narrow.mem_reg) in SDP mode with WRITE_FIRST write-mode. This is the preferred mode for best power characteristics, however it may exhibit address collisions if the same address appears on both read and write ports resulting in unknown or corrupted read data. It is suggested to confirm via simulation that an address collision never occurs and if so it is suggested to try and avoid this situation. If address collisions cannot be avoided, the write-mode may be set to READ_FIRST which guarantees that the read data is the prior contents of the memory at the cost of additional power in the design. See the FPGA Memory Resources User Guide for additional information.
Related violations: <none>


