
*** Running vivado
    with args -log system_util_ad9361_divclk_0.vds -m64 -product Vivado -mode batch -messageDb vivado.pb -notrace -source system_util_ad9361_divclk_0.tcl


****** Vivado v2021.1 (64-bit)
  **** SW Build 3247384 on Thu Jun 10 19:36:07 MDT 2021
  **** IP Build 3246043 on Fri Jun 11 00:30:35 MDT 2021
    ** Copyright 1986-2021 Xilinx, Inc. All Rights Reserved.

source system_util_ad9361_divclk_0.tcl -notrace
INFO: [IP_Flow 19-234] Refreshing IP repositories
INFO: [IP_Flow 19-1700] Loaded user IP repository '/home/bharathwaj/Research/fpgaStuff/xilinx/softwareDefinedRadio/WhiteShark/adi_hdl/library'.
INFO: [IP_Flow 19-2313] Loaded Vivado IP repository '/tools/Xilinx/Vivado/2021.1/data/ip'.
Command: synth_design -top system_util_ad9361_divclk_0 -part xc7z020clg484-1 -mode out_of_context
Starting synth_design
Attempting to get a license for feature 'Synthesis' and/or device 'xc7z020'
INFO: [Common 17-349] Got license for feature 'Synthesis' and/or device 'xc7z020'
INFO: [Device 21-403] Loading part xc7z020clg484-1
INFO: [Synth 8-7079] Multithreading enabled for synth_design using a maximum of 4 processes.
INFO: [Synth 8-7078] Launching helper process for spawning children vivado processes
INFO: [Synth 8-7075] Helper process launched with PID 1684266
---------------------------------------------------------------------------------
Starting RTL Elaboration : Time (s): cpu = 00:00:03 ; elapsed = 00:00:03 . Memory (MB): peak = 2446.969 ; gain = 0.000 ; free physical = 2726 ; free virtual = 14943
---------------------------------------------------------------------------------
INFO: [Synth 8-6157] synthesizing module 'system_util_ad9361_divclk_0' [/home/bharathwaj/Research/fpgaStuff/xilinx/softwareDefinedRadio/WhiteShark/adi_hdl/projects/fmcomms2/zed/fmcomms2_zed.gen/sources_1/bd/system/ip/system_util_ad9361_divclk_0/synth/system_util_ad9361_divclk_0.v:57]
INFO: [Synth 8-6157] synthesizing module 'util_clkdiv' [/home/bharathwaj/Research/fpgaStuff/xilinx/softwareDefinedRadio/WhiteShark/adi_hdl/projects/fmcomms2/zed/fmcomms2_zed.gen/sources_1/bd/system/ipshared/8a4a/util_clkdiv.v:38]
INFO: [Synth 8-6157] synthesizing module 'BUFR' [/tools/Xilinx/Vivado/2021.1/scripts/rt/data/unisim_comp.v:1410]
INFO: [Synth 8-6155] done synthesizing module 'BUFR' (1#1) [/tools/Xilinx/Vivado/2021.1/scripts/rt/data/unisim_comp.v:1410]
INFO: [Synth 8-6157] synthesizing module 'BUFR__parameterized0' [/tools/Xilinx/Vivado/2021.1/scripts/rt/data/unisim_comp.v:1410]
INFO: [Synth 8-6155] done synthesizing module 'BUFR__parameterized0' (1#1) [/tools/Xilinx/Vivado/2021.1/scripts/rt/data/unisim_comp.v:1410]
INFO: [Synth 8-6157] synthesizing module 'BUFGMUX_CTRL' [/tools/Xilinx/Vivado/2021.1/scripts/rt/data/unisim_comp.v:1211]
INFO: [Synth 8-6155] done synthesizing module 'BUFGMUX_CTRL' (2#1) [/tools/Xilinx/Vivado/2021.1/scripts/rt/data/unisim_comp.v:1211]
INFO: [Synth 8-6155] done synthesizing module 'util_clkdiv' (3#1) [/home/bharathwaj/Research/fpgaStuff/xilinx/softwareDefinedRadio/WhiteShark/adi_hdl/projects/fmcomms2/zed/fmcomms2_zed.gen/sources_1/bd/system/ipshared/8a4a/util_clkdiv.v:38]
INFO: [Synth 8-6155] done synthesizing module 'system_util_ad9361_divclk_0' (4#1) [/home/bharathwaj/Research/fpgaStuff/xilinx/softwareDefinedRadio/WhiteShark/adi_hdl/projects/fmcomms2/zed/fmcomms2_zed.gen/sources_1/bd/system/ip/system_util_ad9361_divclk_0/synth/system_util_ad9361_divclk_0.v:57]
---------------------------------------------------------------------------------
Finished RTL Elaboration : Time (s): cpu = 00:00:04 ; elapsed = 00:00:04 . Memory (MB): peak = 2446.969 ; gain = 0.000 ; free physical = 2751 ; free virtual = 14965
---------------------------------------------------------------------------------
---------------------------------------------------------------------------------
Start Handling Custom Attributes
---------------------------------------------------------------------------------
---------------------------------------------------------------------------------
Finished Handling Custom Attributes : Time (s): cpu = 00:00:04 ; elapsed = 00:00:05 . Memory (MB): peak = 2446.969 ; gain = 0.000 ; free physical = 2324 ; free virtual = 14538
---------------------------------------------------------------------------------
---------------------------------------------------------------------------------
Finished RTL Optimization Phase 1 : Time (s): cpu = 00:00:04 ; elapsed = 00:00:05 . Memory (MB): peak = 2446.969 ; gain = 0.000 ; free physical = 2324 ; free virtual = 14538
---------------------------------------------------------------------------------
Netlist sorting complete. Time (s): cpu = 00:00:00 ; elapsed = 00:00:00 . Memory (MB): peak = 2446.969 ; gain = 0.000 ; free physical = 2261 ; free virtual = 14475
INFO: [Netlist 29-17] Analyzing 3 Unisim elements for replacement
INFO: [Netlist 29-28] Unisim Transformation completed in 0 CPU seconds
INFO: [Project 1-570] Preparing netlist for logic optimization

Processing XDC Constraints
Initializing timing engine
Parsing XDC File [/home/bharathwaj/Research/fpgaStuff/xilinx/softwareDefinedRadio/WhiteShark/adi_hdl/projects/fmcomms2/zed/fmcomms2_zed.gen/sources_1/bd/system/ip/system_util_ad9361_divclk_0/system_util_ad9361_divclk_0_ooc.xdc] for cell 'inst'
Finished Parsing XDC File [/home/bharathwaj/Research/fpgaStuff/xilinx/softwareDefinedRadio/WhiteShark/adi_hdl/projects/fmcomms2/zed/fmcomms2_zed.gen/sources_1/bd/system/ip/system_util_ad9361_divclk_0/system_util_ad9361_divclk_0_ooc.xdc] for cell 'inst'
Parsing XDC File [/home/bharathwaj/Research/fpgaStuff/xilinx/softwareDefinedRadio/WhiteShark/adi_hdl/projects/fmcomms2/zed/fmcomms2_zed.runs/system_util_ad9361_divclk_0_synth_1/dont_touch.xdc]
Finished Parsing XDC File [/home/bharathwaj/Research/fpgaStuff/xilinx/softwareDefinedRadio/WhiteShark/adi_hdl/projects/fmcomms2/zed/fmcomms2_zed.runs/system_util_ad9361_divclk_0_synth_1/dont_touch.xdc]
Parsing XDC File [/home/bharathwaj/Research/fpgaStuff/xilinx/softwareDefinedRadio/WhiteShark/adi_hdl/projects/fmcomms2/zed/fmcomms2_zed.gen/sources_1/bd/system/ip/system_util_ad9361_divclk_0/util_clkdiv_constr.xdc] for cell 'inst'
INFO: [Timing 38-2] Deriving generated clocks [/home/bharathwaj/Research/fpgaStuff/xilinx/softwareDefinedRadio/WhiteShark/adi_hdl/projects/fmcomms2/zed/fmcomms2_zed.gen/sources_1/bd/system/ip/system_util_ad9361_divclk_0/util_clkdiv_constr.xdc:6]
Finished Parsing XDC File [/home/bharathwaj/Research/fpgaStuff/xilinx/softwareDefinedRadio/WhiteShark/adi_hdl/projects/fmcomms2/zed/fmcomms2_zed.gen/sources_1/bd/system/ip/system_util_ad9361_divclk_0/util_clkdiv_constr.xdc] for cell 'inst'
Completed Processing XDC Constraints

Netlist sorting complete. Time (s): cpu = 00:00:00 ; elapsed = 00:00:00 . Memory (MB): peak = 2510.930 ; gain = 0.000 ; free physical = 2466 ; free virtual = 14680
INFO: [Project 1-111] Unisim Transformation Summary:
  A total of 1 instances were transformed.
  BUFGMUX_CTRL => BUFGCTRL (inverted pins: S0): 1 instance 

Constraint Validation Runtime : Time (s): cpu = 00:00:00.01 ; elapsed = 00:00:00.01 . Memory (MB): peak = 2510.930 ; gain = 0.000 ; free physical = 2466 ; free virtual = 14680
---------------------------------------------------------------------------------
Finished Constraint Validation : Time (s): cpu = 00:00:09 ; elapsed = 00:00:09 . Memory (MB): peak = 2510.930 ; gain = 63.961 ; free physical = 3351 ; free virtual = 15565
---------------------------------------------------------------------------------
---------------------------------------------------------------------------------
Start Loading Part and Timing Information
---------------------------------------------------------------------------------
Loading part: xc7z020clg484-1
---------------------------------------------------------------------------------
Finished Loading Part and Timing Information : Time (s): cpu = 00:00:09 ; elapsed = 00:00:09 . Memory (MB): peak = 2510.930 ; gain = 63.961 ; free physical = 3351 ; free virtual = 15565
---------------------------------------------------------------------------------
---------------------------------------------------------------------------------
Start Applying 'set_property' XDC Constraints
---------------------------------------------------------------------------------
Applied set_property KEEP_HIERARCHY = SOFT for inst. (constraint file  /home/bharathwaj/Research/fpgaStuff/xilinx/softwareDefinedRadio/WhiteShark/adi_hdl/projects/fmcomms2/zed/fmcomms2_zed.runs/system_util_ad9361_divclk_0_synth_1/dont_touch.xdc, line 9).
---------------------------------------------------------------------------------
Finished applying 'set_property' XDC Constraints : Time (s): cpu = 00:00:09 ; elapsed = 00:00:10 . Memory (MB): peak = 2510.930 ; gain = 63.961 ; free physical = 3351 ; free virtual = 15565
---------------------------------------------------------------------------------
---------------------------------------------------------------------------------
Finished RTL Optimization Phase 2 : Time (s): cpu = 00:00:09 ; elapsed = 00:00:10 . Memory (MB): peak = 2510.930 ; gain = 63.961 ; free physical = 3353 ; free virtual = 15568
---------------------------------------------------------------------------------
---------------------------------------------------------------------------------
Start RTL Component Statistics 
---------------------------------------------------------------------------------
Detailed RTL Component Info : 
---------------------------------------------------------------------------------
Finished RTL Component Statistics 
---------------------------------------------------------------------------------
---------------------------------------------------------------------------------
Start Part Resource Summary
---------------------------------------------------------------------------------
Part Resources:
DSPs: 220 (col length:60)
BRAMs: 280 (col length: RAMB18 60 RAMB36 30)
---------------------------------------------------------------------------------
Finished Part Resource Summary
---------------------------------------------------------------------------------
---------------------------------------------------------------------------------
Start Cross Boundary and Area Optimization
---------------------------------------------------------------------------------
---------------------------------------------------------------------------------
Finished Cross Boundary and Area Optimization : Time (s): cpu = 00:00:10 ; elapsed = 00:00:10 . Memory (MB): peak = 2510.930 ; gain = 63.961 ; free physical = 3377 ; free virtual = 15595
---------------------------------------------------------------------------------
---------------------------------------------------------------------------------
Start Applying XDC Timing Constraints
---------------------------------------------------------------------------------
---------------------------------------------------------------------------------
Finished Applying XDC Timing Constraints : Time (s): cpu = 00:00:15 ; elapsed = 00:00:16 . Memory (MB): peak = 2510.930 ; gain = 63.961 ; free physical = 3716 ; free virtual = 15934
---------------------------------------------------------------------------------
---------------------------------------------------------------------------------
Start Timing Optimization
---------------------------------------------------------------------------------
---------------------------------------------------------------------------------
Finished Timing Optimization : Time (s): cpu = 00:00:15 ; elapsed = 00:00:16 . Memory (MB): peak = 2510.930 ; gain = 63.961 ; free physical = 3716 ; free virtual = 15934
---------------------------------------------------------------------------------
---------------------------------------------------------------------------------
Start Technology Mapping
---------------------------------------------------------------------------------
---------------------------------------------------------------------------------
Finished Technology Mapping : Time (s): cpu = 00:00:15 ; elapsed = 00:00:16 . Memory (MB): peak = 2510.930 ; gain = 63.961 ; free physical = 3700 ; free virtual = 15918
---------------------------------------------------------------------------------
---------------------------------------------------------------------------------
Start IO Insertion
---------------------------------------------------------------------------------
---------------------------------------------------------------------------------
Start Flattening Before IO Insertion
---------------------------------------------------------------------------------
---------------------------------------------------------------------------------
Finished Flattening Before IO Insertion
---------------------------------------------------------------------------------
---------------------------------------------------------------------------------
Start Final Netlist Cleanup
---------------------------------------------------------------------------------
---------------------------------------------------------------------------------
Finished Final Netlist Cleanup
---------------------------------------------------------------------------------
---------------------------------------------------------------------------------
Finished IO Insertion : Time (s): cpu = 00:00:19 ; elapsed = 00:00:20 . Memory (MB): peak = 2510.930 ; gain = 63.961 ; free physical = 3868 ; free virtual = 16086
---------------------------------------------------------------------------------
---------------------------------------------------------------------------------
Start Renaming Generated Instances
---------------------------------------------------------------------------------
---------------------------------------------------------------------------------
Finished Renaming Generated Instances : Time (s): cpu = 00:00:19 ; elapsed = 00:00:20 . Memory (MB): peak = 2510.930 ; gain = 63.961 ; free physical = 3868 ; free virtual = 16086
---------------------------------------------------------------------------------
---------------------------------------------------------------------------------
Start Rebuilding User Hierarchy
---------------------------------------------------------------------------------
---------------------------------------------------------------------------------
Finished Rebuilding User Hierarchy : Time (s): cpu = 00:00:19 ; elapsed = 00:00:20 . Memory (MB): peak = 2510.930 ; gain = 63.961 ; free physical = 3868 ; free virtual = 16086
---------------------------------------------------------------------------------
---------------------------------------------------------------------------------
Start Renaming Generated Ports
---------------------------------------------------------------------------------
---------------------------------------------------------------------------------
Finished Renaming Generated Ports : Time (s): cpu = 00:00:19 ; elapsed = 00:00:20 . Memory (MB): peak = 2510.930 ; gain = 63.961 ; free physical = 3868 ; free virtual = 16086
---------------------------------------------------------------------------------
---------------------------------------------------------------------------------
Start Handling Custom Attributes
---------------------------------------------------------------------------------
---------------------------------------------------------------------------------
Finished Handling Custom Attributes : Time (s): cpu = 00:00:19 ; elapsed = 00:00:20 . Memory (MB): peak = 2510.930 ; gain = 63.961 ; free physical = 3868 ; free virtual = 16086
---------------------------------------------------------------------------------
---------------------------------------------------------------------------------
Start Renaming Generated Nets
---------------------------------------------------------------------------------
---------------------------------------------------------------------------------
Finished Renaming Generated Nets : Time (s): cpu = 00:00:19 ; elapsed = 00:00:20 . Memory (MB): peak = 2510.930 ; gain = 63.961 ; free physical = 3868 ; free virtual = 16086
---------------------------------------------------------------------------------
---------------------------------------------------------------------------------
Start Writing Synthesis Report
---------------------------------------------------------------------------------

Report BlackBoxes: 
+-+--------------+----------+
| |BlackBox name |Instances |
+-+--------------+----------+
+-+--------------+----------+

Report Cell Usage: 
+------+-------------+------+
|      |Cell         |Count |
+------+-------------+------+
|1     |BUFGMUX_CTRL |     1|
|2     |BUFR         |     2|
+------+-------------+------+
---------------------------------------------------------------------------------
Finished Writing Synthesis Report : Time (s): cpu = 00:00:19 ; elapsed = 00:00:20 . Memory (MB): peak = 2510.930 ; gain = 63.961 ; free physical = 3868 ; free virtual = 16086
---------------------------------------------------------------------------------
Synthesis finished with 0 errors, 0 critical warnings and 0 warnings.
Synthesis Optimization Runtime : Time (s): cpu = 00:00:17 ; elapsed = 00:00:18 . Memory (MB): peak = 2510.930 ; gain = 0.000 ; free physical = 3912 ; free virtual = 16129
Synthesis Optimization Complete : Time (s): cpu = 00:00:19 ; elapsed = 00:00:20 . Memory (MB): peak = 2510.930 ; gain = 63.961 ; free physical = 3912 ; free virtual = 16129
INFO: [Project 1-571] Translating synthesized netlist
Netlist sorting complete. Time (s): cpu = 00:00:00 ; elapsed = 00:00:00 . Memory (MB): peak = 2510.930 ; gain = 0.000 ; free physical = 3904 ; free virtual = 16122
INFO: [Netlist 29-17] Analyzing 3 Unisim elements for replacement
INFO: [Netlist 29-28] Unisim Transformation completed in 0 CPU seconds
INFO: [Project 1-570] Preparing netlist for logic optimization
INFO: [Opt 31-138] Pushed 0 inverter(s) to 0 load pin(s).
Netlist sorting complete. Time (s): cpu = 00:00:00 ; elapsed = 00:00:00 . Memory (MB): peak = 2510.930 ; gain = 0.000 ; free physical = 3860 ; free virtual = 16078
INFO: [Project 1-111] Unisim Transformation Summary:
  A total of 1 instances were transformed.
  BUFGMUX_CTRL => BUFGCTRL (inverted pins: S0): 1 instance 

Synth Design complete, checksum: d12fe2cf
INFO: [Common 17-83] Releasing license: Synthesis
30 Infos, 0 Warnings, 0 Critical Warnings and 0 Errors encountered.
synth_design completed successfully
synth_design: Time (s): cpu = 00:00:29 ; elapsed = 00:00:24 . Memory (MB): peak = 2510.930 ; gain = 64.031 ; free physical = 3924 ; free virtual = 16142
INFO: [Common 17-1381] The checkpoint '/home/bharathwaj/Research/fpgaStuff/xilinx/softwareDefinedRadio/WhiteShark/adi_hdl/projects/fmcomms2/zed/fmcomms2_zed.runs/system_util_ad9361_divclk_0_synth_1/system_util_ad9361_divclk_0.dcp' has been generated.
INFO: [Coretcl 2-1648] Added synthesis output to IP cache for IP system_util_ad9361_divclk_0, cache-ID = 59a171a78c703408
INFO: [Common 17-1381] The checkpoint '/home/bharathwaj/Research/fpgaStuff/xilinx/softwareDefinedRadio/WhiteShark/adi_hdl/projects/fmcomms2/zed/fmcomms2_zed.runs/system_util_ad9361_divclk_0_synth_1/system_util_ad9361_divclk_0.dcp' has been generated.
INFO: [runtcl-4] Executing : report_utilization -file system_util_ad9361_divclk_0_utilization_synth.rpt -pb system_util_ad9361_divclk_0_utilization_synth.pb
INFO: [Common 17-206] Exiting Vivado at Sat Nov 16 07:56:16 2024...
